2019-11-14 15:09:35 [scrapy.utils.log] INFO: Scrapy 1.7.4 started (bot: BaiduImages)
2019-11-14 15:09:35 [scrapy.utils.log] INFO: Versions: lxml 3.2.1.0, libxml2 2.9.1, cssselect 1.0.3, parsel 1.5.1, w3lib 1.20.0, Twisted 18.9.0, Python 2.7.5 (default, Oct 30 2018, 23:45:53) - [GCC 4.8.5 20150623 (Red Hat 4.8.5-36)], pyOpenSSL 19.0.0 (OpenSSL 1.1.1c  28 May 2019), cryptography 2.7, Platform Linux-3.10.0-862.3.2.el7.x86_64-x86_64-with-centos-7.5.1804-Core
2019-11-14 15:09:35 [scrapy.crawler] INFO: Overridden settings: {'NEWSPIDER_MODULE': 'BaiduImages.spiders', 'SPIDER_MODULES': ['BaiduImages.spiders'], 'LOG_FILE': 'baiduimages1.log', 'BOT_NAME': 'BaiduImages'}
2019-11-14 15:09:35 [scrapy.extensions.telnet] INFO: Telnet Password: ce9b23e0c28b501e
2019-11-14 15:09:35 [scrapy.middleware] INFO: Enabled extensions:
['scrapy.extensions.memusage.MemoryUsage',
 'scrapy.extensions.logstats.LogStats',
 'scrapy.extensions.telnet.TelnetConsole',
 'scrapy.extensions.corestats.CoreStats']
2019-11-14 15:09:35 [scrapy.middleware] INFO: Enabled downloader middlewares:
['scrapy.downloadermiddlewares.httpauth.HttpAuthMiddleware',
 'scrapy.downloadermiddlewares.downloadtimeout.DownloadTimeoutMiddleware',
 'scrapy.downloadermiddlewares.defaultheaders.DefaultHeadersMiddleware',
 'scrapy.downloadermiddlewares.useragent.UserAgentMiddleware',
 'scrapy.downloadermiddlewares.retry.RetryMiddleware',
 'scrapy.downloadermiddlewares.redirect.MetaRefreshMiddleware',
 'scrapy.downloadermiddlewares.httpcompression.HttpCompressionMiddleware',
 'scrapy.downloadermiddlewares.redirect.RedirectMiddleware',
 'scrapy.downloadermiddlewares.cookies.CookiesMiddleware',
 'scrapy.downloadermiddlewares.httpproxy.HttpProxyMiddleware',
 'scrapy.downloadermiddlewares.stats.DownloaderStats']
2019-11-14 15:09:35 [scrapy.middleware] INFO: Enabled spider middlewares:
['scrapy.spidermiddlewares.httperror.HttpErrorMiddleware',
 'scrapy.spidermiddlewares.offsite.OffsiteMiddleware',
 'scrapy.spidermiddlewares.referer.RefererMiddleware',
 'scrapy.spidermiddlewares.urllength.UrlLengthMiddleware',
 'scrapy.spidermiddlewares.depth.DepthMiddleware']
2019-11-14 15:09:35 [scrapy.middleware] INFO: Enabled item pipelines:
['BaiduImages.pipelines.BaiduimagesPipeline']
2019-11-14 15:09:35 [scrapy.core.engine] INFO: Spider opened
2019-11-14 15:09:35 [scrapy.extensions.logstats] INFO: Crawled 0 pages (at 0 pages/min), scraped 0 items (at 0 items/min)
2019-11-14 15:09:35 [scrapy.extensions.telnet] INFO: Telnet console listening on 127.0.0.1:6023
2019-11-14 15:09:36 [scrapy.core.engine] DEBUG: Crawled (200) <GET https://image.baidu.com/search/acjson?tn=resultjson_com&ipn=rj&ct=201326592&is=&fp=result&queryWord=%E8%82%96%E5%83%8F&cl=2&lm=-1&ie=utf-8&oe=utf-8&adpicid=&st=-1&z=&ic=0&word=%E8%82%96%E5%83%8F&s=&se=&tab=&width=&height=&face=0&istype=2&qc=&nc=1&fr=&expermode=&pn=30&rn=30&gsm=0x1e> (referer: None)
2019-11-14 15:09:36 [scrapy.core.engine] DEBUG: Crawled (200) <GET https://image.baidu.com/search/acjson?tn=resultjson_com&ipn=rj&ct=201326592&is=&fp=result&queryWord=%E8%82%96%E5%83%8F&cl=2&lm=-1&ie=utf-8&oe=utf-8&adpicid=&st=-1&z=&ic=0&word=%E8%82%96%E5%83%8F&s=&se=&tab=&width=&height=&face=0&istype=2&qc=&nc=1&fr=&expermode=&pn=60&rn=30&gsm=0x3c> (referer: None)
2019-11-14 15:09:36 [scrapy.pipelines.files] DEBUG: File (uptodate): Downloaded image from <GET https://ss0.bdstatic.com/70cFuHSh_Q1YnxGkpoWK1HF6hhy/it/u=1960673244,1816015552&fm=26&gp=0.jpg> referred in <None>
2019-11-14 15:09:36 [scrapy.pipelines.files] DEBUG: File (uptodate): Downloaded image from <GET https://ss1.bdstatic.com/70cFuXSh_Q1YnxGkpoWK1HF6hhy/it/u=484785255,247948982&fm=26&gp=0.jpg> referred in <None>
2019-11-14 15:09:36 [scrapy.pipelines.files] DEBUG: File (uptodate): Downloaded image from <GET https://ss2.bdstatic.com/70cFvnSh_Q1YnxGkpoWK1HF6hhy/it/u=3931718929,1322723465&fm=26&gp=0.jpg> referred in <None>
2019-11-14 15:09:36 [scrapy.pipelines.files] DEBUG: File (uptodate): Downloaded image from <GET https://ss1.bdstatic.com/70cFvXSh_Q1YnxGkpoWK1HF6hhy/it/u=3050734760,1266274899&fm=26&gp=0.jpg> referred in <None>
2019-11-14 15:09:36 [scrapy.pipelines.files] DEBUG: File (uptodate): Downloaded image from <GET https://ss1.bdstatic.com/70cFuXSh_Q1YnxGkpoWK1HF6hhy/it/u=2700446377,2294106026&fm=26&gp=0.jpg> referred in <None>
2019-11-14 15:09:36 [scrapy.pipelines.files] DEBUG: File (uptodate): Downloaded image from <GET https://ss2.bdstatic.com/70cFvnSh_Q1YnxGkpoWK1HF6hhy/it/u=3923881434,3587831286&fm=26&gp=0.jpg> referred in <None>
2019-11-14 15:09:36 [scrapy.pipelines.files] DEBUG: File (uptodate): Downloaded image from <GET https://ss2.bdstatic.com/70cFvnSh_Q1YnxGkpoWK1HF6hhy/it/u=3357861568,2029581818&fm=26&gp=0.jpg> referred in <None>
2019-11-14 15:09:36 [scrapy.pipelines.files] DEBUG: File (uptodate): Downloaded image from <GET https://ss1.bdstatic.com/70cFuXSh_Q1YnxGkpoWK1HF6hhy/it/u=2009331082,3571222949&fm=26&gp=0.jpg> referred in <None>
2019-11-14 15:09:36 [scrapy.pipelines.files] DEBUG: File (uptodate): Downloaded image from <GET https://ss0.bdstatic.com/70cFvHSh_Q1YnxGkpoWK1HF6hhy/it/u=1185462402,433880196&fm=26&gp=0.jpg> referred in <None>
2019-11-14 15:09:36 [scrapy.pipelines.files] DEBUG: File (uptodate): Downloaded image from <GET https://ss1.bdstatic.com/70cFuXSh_Q1YnxGkpoWK1HF6hhy/it/u=1178239992,202090847&fm=26&gp=0.jpg> referred in <None>
2019-11-14 15:09:36 [scrapy.pipelines.files] DEBUG: File (uptodate): Downloaded image from <GET https://ss0.bdstatic.com/70cFvHSh_Q1YnxGkpoWK1HF6hhy/it/u=3826422442,323027396&fm=26&gp=0.jpg> referred in <None>
2019-11-14 15:09:36 [scrapy.pipelines.files] DEBUG: File (uptodate): Downloaded image from <GET https://ss1.bdstatic.com/70cFuXSh_Q1YnxGkpoWK1HF6hhy/it/u=1540846174,407063059&fm=26&gp=0.jpg> referred in <None>
2019-11-14 15:09:36 [scrapy.pipelines.files] DEBUG: File (uptodate): Downloaded image from <GET https://ss1.bdstatic.com/70cFvXSh_Q1YnxGkpoWK1HF6hhy/it/u=3201786713,1757704224&fm=26&gp=0.jpg> referred in <None>
2019-11-14 15:09:36 [scrapy.pipelines.files] DEBUG: File (uptodate): Downloaded image from <GET https://ss2.bdstatic.com/70cFvnSh_Q1YnxGkpoWK1HF6hhy/it/u=27627583,473755321&fm=11&gp=0.jpg> referred in <None>
2019-11-14 15:09:36 [scrapy.pipelines.files] DEBUG: File (uptodate): Downloaded image from <GET https://ss1.bdstatic.com/70cFvXSh_Q1YnxGkpoWK1HF6hhy/it/u=1607244255,53290930&fm=26&gp=0.jpg> referred in <None>
2019-11-14 15:09:36 [scrapy.pipelines.files] DEBUG: File (uptodate): Downloaded image from <GET https://ss1.bdstatic.com/70cFvXSh_Q1YnxGkpoWK1HF6hhy/it/u=2153711103,4088882984&fm=26&gp=0.jpg> referred in <None>
2019-11-14 15:09:36 [scrapy.pipelines.files] DEBUG: File (uptodate): Downloaded image from <GET https://ss1.bdstatic.com/70cFuXSh_Q1YnxGkpoWK1HF6hhy/it/u=3327119994,2654310597&fm=26&gp=0.jpg> referred in <None>
2019-11-14 15:09:36 [scrapy.pipelines.files] DEBUG: File (uptodate): Downloaded image from <GET https://ss1.bdstatic.com/70cFvXSh_Q1YnxGkpoWK1HF6hhy/it/u=3725583528,3976626539&fm=26&gp=0.jpg> referred in <None>
2019-11-14 15:09:36 [scrapy.pipelines.files] DEBUG: File (uptodate): Downloaded image from <GET https://ss3.bdstatic.com/70cFv8Sh_Q1YnxGkpoWK1HF6hhy/it/u=3165886035,1661485078&fm=26&gp=0.jpg> referred in <None>
2019-11-14 15:09:36 [scrapy.pipelines.files] DEBUG: File (uptodate): Downloaded image from <GET https://ss2.bdstatic.com/70cFvnSh_Q1YnxGkpoWK1HF6hhy/it/u=2254054726,2553951290&fm=26&gp=0.jpg> referred in <None>
2019-11-14 15:09:36 [scrapy.pipelines.files] DEBUG: File (uptodate): Downloaded image from <GET https://ss1.bdstatic.com/70cFvXSh_Q1YnxGkpoWK1HF6hhy/it/u=3595430517,1738683668&fm=26&gp=0.jpg> referred in <None>
2019-11-14 15:09:36 [scrapy.pipelines.files] DEBUG: File (uptodate): Downloaded image from <GET https://ss0.bdstatic.com/70cFuHSh_Q1YnxGkpoWK1HF6hhy/it/u=4279517740,418421638&fm=26&gp=0.jpg> referred in <None>
2019-11-14 15:09:36 [scrapy.pipelines.files] DEBUG: File (uptodate): Downloaded image from <GET https://ss0.bdstatic.com/70cFuHSh_Q1YnxGkpoWK1HF6hhy/it/u=3941315079,3340520693&fm=26&gp=0.jpg> referred in <None>
2019-11-14 15:09:36 [scrapy.pipelines.files] DEBUG: File (uptodate): Downloaded image from <GET https://ss1.bdstatic.com/70cFvXSh_Q1YnxGkpoWK1HF6hhy/it/u=1679783561,3119281872&fm=26&gp=0.jpg> referred in <None>
2019-11-14 15:09:36 [scrapy.pipelines.files] DEBUG: File (uptodate): Downloaded image from <GET https://ss1.bdstatic.com/70cFuXSh_Q1YnxGkpoWK1HF6hhy/it/u=2073837002,2285303863&fm=26&gp=0.jpg> referred in <None>
2019-11-14 15:09:36 [scrapy.pipelines.files] DEBUG: File (uptodate): Downloaded image from <GET https://ss1.bdstatic.com/70cFuXSh_Q1YnxGkpoWK1HF6hhy/it/u=3773963826,1304103957&fm=26&gp=0.jpg> referred in <None>
2019-11-14 15:09:36 [scrapy.pipelines.files] DEBUG: File (uptodate): Downloaded image from <GET https://ss1.bdstatic.com/70cFuXSh_Q1YnxGkpoWK1HF6hhy/it/u=3466508572,1026048491&fm=26&gp=0.jpg> referred in <None>
2019-11-14 15:09:36 [scrapy.pipelines.files] DEBUG: File (uptodate): Downloaded image from <GET https://ss0.bdstatic.com/70cFuHSh_Q1YnxGkpoWK1HF6hhy/it/u=1808854350,2128689496&fm=26&gp=0.jpg> referred in <None>
2019-11-14 15:09:36 [scrapy.pipelines.files] DEBUG: File (uptodate): Downloaded image from <GET https://ss2.bdstatic.com/70cFvnSh_Q1YnxGkpoWK1HF6hhy/it/u=3366781602,4124820822&fm=26&gp=0.jpg> referred in <None>
2019-11-14 15:09:36 [scrapy.pipelines.files] DEBUG: File (uptodate): Downloaded image from <GET https://ss0.bdstatic.com/70cFuHSh_Q1YnxGkpoWK1HF6hhy/it/u=2293695616,2939070592&fm=26&gp=0.jpg> referred in <None>
2019-11-14 15:09:36 [scrapy.pipelines.files] DEBUG: File (uptodate): Downloaded image from <GET https://ss2.bdstatic.com/70cFvnSh_Q1YnxGkpoWK1HF6hhy/it/u=3334437896,1624828990&fm=26&gp=0.jpg> referred in <None>
2019-11-14 15:09:36 [scrapy.pipelines.files] DEBUG: File (uptodate): Downloaded image from <GET https://ss2.bdstatic.com/70cFvnSh_Q1YnxGkpoWK1HF6hhy/it/u=3404657926,3079435688&fm=26&gp=0.jpg> referred in <None>
2019-11-14 15:09:36 [scrapy.pipelines.files] DEBUG: File (uptodate): Downloaded image from <GET https://ss0.bdstatic.com/70cFuHSh_Q1YnxGkpoWK1HF6hhy/it/u=2387201952,3861309536&fm=26&gp=0.jpg> referred in <None>
2019-11-14 15:09:36 [scrapy.pipelines.files] DEBUG: File (uptodate): Downloaded image from <GET https://ss2.bdstatic.com/70cFvnSh_Q1YnxGkpoWK1HF6hhy/it/u=1287599724,1518433250&fm=26&gp=0.jpg> referred in <None>
2019-11-14 15:09:36 [scrapy.pipelines.files] DEBUG: File (uptodate): Downloaded image from <GET https://ss1.bdstatic.com/70cFuXSh_Q1YnxGkpoWK1HF6hhy/it/u=3046130842,1641970847&fm=26&gp=0.jpg> referred in <None>
2019-11-14 15:09:36 [scrapy.pipelines.files] DEBUG: File (uptodate): Downloaded image from <GET https://ss3.bdstatic.com/70cFv8Sh_Q1YnxGkpoWK1HF6hhy/it/u=1661691298,2497244831&fm=26&gp=0.jpg> referred in <None>
2019-11-14 15:09:36 [scrapy.pipelines.files] DEBUG: File (uptodate): Downloaded image from <GET https://ss0.bdstatic.com/70cFvHSh_Q1YnxGkpoWK1HF6hhy/it/u=299732937,1226967723&fm=26&gp=0.jpg> referred in <None>
2019-11-14 15:09:36 [scrapy.pipelines.files] DEBUG: File (uptodate): Downloaded image from <GET https://ss0.bdstatic.com/70cFvHSh_Q1YnxGkpoWK1HF6hhy/it/u=1510646335,2006599439&fm=26&gp=0.jpg> referred in <None>
2019-11-14 15:09:36 [scrapy.pipelines.files] DEBUG: File (uptodate): Downloaded image from <GET https://ss0.bdstatic.com/70cFuHSh_Q1YnxGkpoWK1HF6hhy/it/u=1490022797,3985160913&fm=26&gp=0.jpg> referred in <None>
2019-11-14 15:09:36 [scrapy.pipelines.files] DEBUG: File (uptodate): Downloaded image from <GET https://ss1.bdstatic.com/70cFvXSh_Q1YnxGkpoWK1HF6hhy/it/u=1381333877,555734642&fm=26&gp=0.jpg> referred in <None>
2019-11-14 15:09:36 [scrapy.pipelines.files] DEBUG: File (uptodate): Downloaded image from <GET https://ss1.bdstatic.com/70cFuXSh_Q1YnxGkpoWK1HF6hhy/it/u=1057499626,4126403951&fm=26&gp=0.jpg> referred in <None>
2019-11-14 15:09:36 [scrapy.pipelines.files] DEBUG: File (uptodate): Downloaded image from <GET https://ss0.bdstatic.com/70cFuHSh_Q1YnxGkpoWK1HF6hhy/it/u=3300233110,1906960468&fm=26&gp=0.jpg> referred in <None>
2019-11-14 15:09:36 [scrapy.pipelines.files] DEBUG: File (uptodate): Downloaded image from <GET https://ss1.bdstatic.com/70cFuXSh_Q1YnxGkpoWK1HF6hhy/it/u=2557661848,3412258451&fm=26&gp=0.jpg> referred in <None>
2019-11-14 15:09:36 [scrapy.pipelines.files] DEBUG: File (uptodate): Downloaded image from <GET https://ss3.bdstatic.com/70cFv8Sh_Q1YnxGkpoWK1HF6hhy/it/u=2242945521,3347715100&fm=26&gp=0.jpg> referred in <None>
2019-11-14 15:09:36 [scrapy.pipelines.files] DEBUG: File (uptodate): Downloaded image from <GET https://ss1.bdstatic.com/70cFvXSh_Q1YnxGkpoWK1HF6hhy/it/u=3456240627,6324514&fm=26&gp=0.jpg> referred in <None>
2019-11-14 15:09:36 [scrapy.pipelines.files] DEBUG: File (uptodate): Downloaded image from <GET https://ss3.bdstatic.com/70cFv8Sh_Q1YnxGkpoWK1HF6hhy/it/u=3579977278,899536377&fm=26&gp=0.jpg> referred in <None>
2019-11-14 15:09:36 [scrapy.pipelines.files] DEBUG: File (uptodate): Downloaded image from <GET https://ss0.bdstatic.com/70cFuHSh_Q1YnxGkpoWK1HF6hhy/it/u=234244211,1134075263&fm=26&gp=0.jpg> referred in <None>
2019-11-14 15:09:36 [scrapy.pipelines.files] DEBUG: File (uptodate): Downloaded image from <GET https://ss0.bdstatic.com/70cFvHSh_Q1YnxGkpoWK1HF6hhy/it/u=3470819100,2942497762&fm=26&gp=0.jpg> referred in <None>
2019-11-14 15:09:36 [scrapy.pipelines.files] DEBUG: File (uptodate): Downloaded image from <GET https://ss1.bdstatic.com/70cFuXSh_Q1YnxGkpoWK1HF6hhy/it/u=1217113120,6436381&fm=26&gp=0.jpg> referred in <None>
2019-11-14 15:09:36 [scrapy.pipelines.files] DEBUG: File (uptodate): Downloaded image from <GET https://ss1.bdstatic.com/70cFuXSh_Q1YnxGkpoWK1HF6hhy/it/u=3961529233,1815556772&fm=26&gp=0.jpg> referred in <None>
2019-11-14 15:09:36 [scrapy.pipelines.files] DEBUG: File (uptodate): Downloaded image from <GET https://ss1.bdstatic.com/70cFuXSh_Q1YnxGkpoWK1HF6hhy/it/u=2001759035,3223737850&fm=26&gp=0.jpg> referred in <None>
2019-11-14 15:09:36 [scrapy.pipelines.files] DEBUG: File (uptodate): Downloaded image from <GET https://ss2.bdstatic.com/70cFvnSh_Q1YnxGkpoWK1HF6hhy/it/u=2088928057,3204343259&fm=26&gp=0.jpg> referred in <None>
2019-11-14 15:09:36 [scrapy.pipelines.files] DEBUG: File (uptodate): Downloaded image from <GET https://ss0.bdstatic.com/70cFvHSh_Q1YnxGkpoWK1HF6hhy/it/u=412347126,905913018&fm=26&gp=0.jpg> referred in <None>
2019-11-14 15:09:36 [scrapy.pipelines.files] DEBUG: File (uptodate): Downloaded image from <GET https://ss0.bdstatic.com/70cFvHSh_Q1YnxGkpoWK1HF6hhy/it/u=1046881585,1500062201&fm=26&gp=0.jpg> referred in <None>
2019-11-14 15:09:36 [scrapy.pipelines.files] DEBUG: File (uptodate): Downloaded image from <GET https://ss3.bdstatic.com/70cFv8Sh_Q1YnxGkpoWK1HF6hhy/it/u=2647765664,999430675&fm=26&gp=0.jpg> referred in <None>
2019-11-14 15:09:36 [scrapy.pipelines.files] DEBUG: File (uptodate): Downloaded image from <GET https://ss1.bdstatic.com/70cFvXSh_Q1YnxGkpoWK1HF6hhy/it/u=1577116787,2742336396&fm=26&gp=0.jpg> referred in <None>
2019-11-14 15:09:36 [scrapy.pipelines.files] DEBUG: File (uptodate): Downloaded image from <GET https://ss0.bdstatic.com/70cFvHSh_Q1YnxGkpoWK1HF6hhy/it/u=4260073249,2761267383&fm=26&gp=0.jpg> referred in <None>
2019-11-14 15:09:36 [scrapy.pipelines.files] DEBUG: File (uptodate): Downloaded image from <GET https://ss1.bdstatic.com/70cFuXSh_Q1YnxGkpoWK1HF6hhy/it/u=2874127670,2743307167&fm=26&gp=0.jpg> referred in <None>
2019-11-14 15:09:36 [scrapy.pipelines.files] DEBUG: File (uptodate): Downloaded image from <GET https://ss1.bdstatic.com/70cFuXSh_Q1YnxGkpoWK1HF6hhy/it/u=3496672979,3393238132&fm=26&gp=0.jpg> referred in <None>
2019-11-14 15:09:36 [scrapy.core.scraper] ERROR: Error processing {'url': None}
Traceback (most recent call last):
  File "/usr/lib64/python2.7/site-packages/twisted/internet/defer.py", line 654, in _runCallbacks
    current.result = callback(current.result, *args, **kw)
  File "/usr/lib64/python2.7/site-packages/scrapy/pipelines/media.py", line 80, in process_item
    dlist = [self._process_request(r, info) for r in requests]
  File "/python_spider/BaiduImages/BaiduImages/pipelines.py", line 26, in get_media_requests
    yield Request(item['url'])
  File "/usr/lib64/python2.7/site-packages/scrapy/http/request/__init__.py", line 25, in __init__
    self._set_url(url)
  File "/usr/lib64/python2.7/site-packages/scrapy/http/request/__init__.py", line 63, in _set_url
    raise TypeError('Request url must be str or unicode, got %s:' % type(url).__name__)
TypeError: Request url must be str or unicode, got NoneType:
2019-11-14 15:09:36 [scrapy.pipelines.files] DEBUG: File (uptodate): Downloaded image from <GET https://ss1.bdstatic.com/70cFvXSh_Q1YnxGkpoWK1HF6hhy/it/u=3691649366,2624196369&fm=26&gp=0.jpg> referred in <None>
2019-11-14 15:09:36 [scrapy.core.scraper] ERROR: Error processing {'url': None}
Traceback (most recent call last):
  File "/usr/lib64/python2.7/site-packages/twisted/internet/defer.py", line 654, in _runCallbacks
    current.result = callback(current.result, *args, **kw)
  File "/usr/lib64/python2.7/site-packages/scrapy/pipelines/media.py", line 80, in process_item
    dlist = [self._process_request(r, info) for r in requests]
  File "/python_spider/BaiduImages/BaiduImages/pipelines.py", line 26, in get_media_requests
    yield Request(item['url'])
  File "/usr/lib64/python2.7/site-packages/scrapy/http/request/__init__.py", line 25, in __init__
    self._set_url(url)
  File "/usr/lib64/python2.7/site-packages/scrapy/http/request/__init__.py", line 63, in _set_url
    raise TypeError('Request url must be str or unicode, got %s:' % type(url).__name__)
TypeError: Request url must be str or unicode, got NoneType:
2019-11-14 15:09:36 [scrapy.core.scraper] DEBUG: Scraped from <200 https://image.baidu.com/search/acjson?tn=resultjson_com&ipn=rj&ct=201326592&is=&fp=result&queryWord=%E8%82%96%E5%83%8F&cl=2&lm=-1&ie=utf-8&oe=utf-8&adpicid=&st=-1&z=&ic=0&word=%E8%82%96%E5%83%8F&s=&se=&tab=&width=&height=&face=0&istype=2&qc=&nc=1&fr=&expermode=&pn=30&rn=30&gsm=0x1e>
{'url': u'https://ss0.bdstatic.com/70cFuHSh_Q1YnxGkpoWK1HF6hhy/it/u=1960673244,1816015552&fm=26&gp=0.jpg'}
2019-11-14 15:09:36 [scrapy.core.scraper] DEBUG: Scraped from <200 https://image.baidu.com/search/acjson?tn=resultjson_com&ipn=rj&ct=201326592&is=&fp=result&queryWord=%E8%82%96%E5%83%8F&cl=2&lm=-1&ie=utf-8&oe=utf-8&adpicid=&st=-1&z=&ic=0&word=%E8%82%96%E5%83%8F&s=&se=&tab=&width=&height=&face=0&istype=2&qc=&nc=1&fr=&expermode=&pn=60&rn=30&gsm=0x3c>
{'url': u'https://ss1.bdstatic.com/70cFuXSh_Q1YnxGkpoWK1HF6hhy/it/u=484785255,247948982&fm=26&gp=0.jpg'}
2019-11-14 15:09:36 [scrapy.core.scraper] DEBUG: Scraped from <200 https://image.baidu.com/search/acjson?tn=resultjson_com&ipn=rj&ct=201326592&is=&fp=result&queryWord=%E8%82%96%E5%83%8F&cl=2&lm=-1&ie=utf-8&oe=utf-8&adpicid=&st=-1&z=&ic=0&word=%E8%82%96%E5%83%8F&s=&se=&tab=&width=&height=&face=0&istype=2&qc=&nc=1&fr=&expermode=&pn=30&rn=30&gsm=0x1e>
{'url': u'https://ss2.bdstatic.com/70cFvnSh_Q1YnxGkpoWK1HF6hhy/it/u=3931718929,1322723465&fm=26&gp=0.jpg'}
2019-11-14 15:09:36 [scrapy.core.scraper] DEBUG: Scraped from <200 https://image.baidu.com/search/acjson?tn=resultjson_com&ipn=rj&ct=201326592&is=&fp=result&queryWord=%E8%82%96%E5%83%8F&cl=2&lm=-1&ie=utf-8&oe=utf-8&adpicid=&st=-1&z=&ic=0&word=%E8%82%96%E5%83%8F&s=&se=&tab=&width=&height=&face=0&istype=2&qc=&nc=1&fr=&expermode=&pn=30&rn=30&gsm=0x1e>
{'url': u'https://ss1.bdstatic.com/70cFvXSh_Q1YnxGkpoWK1HF6hhy/it/u=3050734760,1266274899&fm=26&gp=0.jpg'}
2019-11-14 15:09:36 [scrapy.core.scraper] DEBUG: Scraped from <200 https://image.baidu.com/search/acjson?tn=resultjson_com&ipn=rj&ct=201326592&is=&fp=result&queryWord=%E8%82%96%E5%83%8F&cl=2&lm=-1&ie=utf-8&oe=utf-8&adpicid=&st=-1&z=&ic=0&word=%E8%82%96%E5%83%8F&s=&se=&tab=&width=&height=&face=0&istype=2&qc=&nc=1&fr=&expermode=&pn=30&rn=30&gsm=0x1e>
{'url': u'https://ss1.bdstatic.com/70cFuXSh_Q1YnxGkpoWK1HF6hhy/it/u=2700446377,2294106026&fm=26&gp=0.jpg'}
2019-11-14 15:09:36 [scrapy.core.scraper] DEBUG: Scraped from <200 https://image.baidu.com/search/acjson?tn=resultjson_com&ipn=rj&ct=201326592&is=&fp=result&queryWord=%E8%82%96%E5%83%8F&cl=2&lm=-1&ie=utf-8&oe=utf-8&adpicid=&st=-1&z=&ic=0&word=%E8%82%96%E5%83%8F&s=&se=&tab=&width=&height=&face=0&istype=2&qc=&nc=1&fr=&expermode=&pn=30&rn=30&gsm=0x1e>
{'url': u'https://ss2.bdstatic.com/70cFvnSh_Q1YnxGkpoWK1HF6hhy/it/u=3923881434,3587831286&fm=26&gp=0.jpg'}
2019-11-14 15:09:36 [scrapy.core.scraper] DEBUG: Scraped from <200 https://image.baidu.com/search/acjson?tn=resultjson_com&ipn=rj&ct=201326592&is=&fp=result&queryWord=%E8%82%96%E5%83%8F&cl=2&lm=-1&ie=utf-8&oe=utf-8&adpicid=&st=-1&z=&ic=0&word=%E8%82%96%E5%83%8F&s=&se=&tab=&width=&height=&face=0&istype=2&qc=&nc=1&fr=&expermode=&pn=30&rn=30&gsm=0x1e>
{'url': u'https://ss2.bdstatic.com/70cFvnSh_Q1YnxGkpoWK1HF6hhy/it/u=3357861568,2029581818&fm=26&gp=0.jpg'}
2019-11-14 15:09:36 [scrapy.core.scraper] DEBUG: Scraped from <200 https://image.baidu.com/search/acjson?tn=resultjson_com&ipn=rj&ct=201326592&is=&fp=result&queryWord=%E8%82%96%E5%83%8F&cl=2&lm=-1&ie=utf-8&oe=utf-8&adpicid=&st=-1&z=&ic=0&word=%E8%82%96%E5%83%8F&s=&se=&tab=&width=&height=&face=0&istype=2&qc=&nc=1&fr=&expermode=&pn=30&rn=30&gsm=0x1e>
{'url': u'https://ss1.bdstatic.com/70cFuXSh_Q1YnxGkpoWK1HF6hhy/it/u=2009331082,3571222949&fm=26&gp=0.jpg'}
2019-11-14 15:09:36 [scrapy.core.scraper] DEBUG: Scraped from <200 https://image.baidu.com/search/acjson?tn=resultjson_com&ipn=rj&ct=201326592&is=&fp=result&queryWord=%E8%82%96%E5%83%8F&cl=2&lm=-1&ie=utf-8&oe=utf-8&adpicid=&st=-1&z=&ic=0&word=%E8%82%96%E5%83%8F&s=&se=&tab=&width=&height=&face=0&istype=2&qc=&nc=1&fr=&expermode=&pn=30&rn=30&gsm=0x1e>
{'url': u'https://ss0.bdstatic.com/70cFvHSh_Q1YnxGkpoWK1HF6hhy/it/u=1185462402,433880196&fm=26&gp=0.jpg'}
2019-11-14 15:09:36 [scrapy.core.scraper] DEBUG: Scraped from <200 https://image.baidu.com/search/acjson?tn=resultjson_com&ipn=rj&ct=201326592&is=&fp=result&queryWord=%E8%82%96%E5%83%8F&cl=2&lm=-1&ie=utf-8&oe=utf-8&adpicid=&st=-1&z=&ic=0&word=%E8%82%96%E5%83%8F&s=&se=&tab=&width=&height=&face=0&istype=2&qc=&nc=1&fr=&expermode=&pn=30&rn=30&gsm=0x1e>
{'url': u'https://ss1.bdstatic.com/70cFuXSh_Q1YnxGkpoWK1HF6hhy/it/u=1178239992,202090847&fm=26&gp=0.jpg'}
2019-11-14 15:09:36 [scrapy.core.scraper] DEBUG: Scraped from <200 https://image.baidu.com/search/acjson?tn=resultjson_com&ipn=rj&ct=201326592&is=&fp=result&queryWord=%E8%82%96%E5%83%8F&cl=2&lm=-1&ie=utf-8&oe=utf-8&adpicid=&st=-1&z=&ic=0&word=%E8%82%96%E5%83%8F&s=&se=&tab=&width=&height=&face=0&istype=2&qc=&nc=1&fr=&expermode=&pn=30&rn=30&gsm=0x1e>
{'url': u'https://ss0.bdstatic.com/70cFvHSh_Q1YnxGkpoWK1HF6hhy/it/u=3826422442,323027396&fm=26&gp=0.jpg'}
2019-11-14 15:09:36 [scrapy.core.scraper] DEBUG: Scraped from <200 https://image.baidu.com/search/acjson?tn=resultjson_com&ipn=rj&ct=201326592&is=&fp=result&queryWord=%E8%82%96%E5%83%8F&cl=2&lm=-1&ie=utf-8&oe=utf-8&adpicid=&st=-1&z=&ic=0&word=%E8%82%96%E5%83%8F&s=&se=&tab=&width=&height=&face=0&istype=2&qc=&nc=1&fr=&expermode=&pn=60&rn=30&gsm=0x3c>
{'url': u'https://ss1.bdstatic.com/70cFuXSh_Q1YnxGkpoWK1HF6hhy/it/u=1540846174,407063059&fm=26&gp=0.jpg'}
2019-11-14 15:09:36 [scrapy.core.scraper] DEBUG: Scraped from <200 https://image.baidu.com/search/acjson?tn=resultjson_com&ipn=rj&ct=201326592&is=&fp=result&queryWord=%E8%82%96%E5%83%8F&cl=2&lm=-1&ie=utf-8&oe=utf-8&adpicid=&st=-1&z=&ic=0&word=%E8%82%96%E5%83%8F&s=&se=&tab=&width=&height=&face=0&istype=2&qc=&nc=1&fr=&expermode=&pn=60&rn=30&gsm=0x3c>
{'url': u'https://ss1.bdstatic.com/70cFvXSh_Q1YnxGkpoWK1HF6hhy/it/u=3201786713,1757704224&fm=26&gp=0.jpg'}
2019-11-14 15:09:36 [scrapy.core.scraper] DEBUG: Scraped from <200 https://image.baidu.com/search/acjson?tn=resultjson_com&ipn=rj&ct=201326592&is=&fp=result&queryWord=%E8%82%96%E5%83%8F&cl=2&lm=-1&ie=utf-8&oe=utf-8&adpicid=&st=-1&z=&ic=0&word=%E8%82%96%E5%83%8F&s=&se=&tab=&width=&height=&face=0&istype=2&qc=&nc=1&fr=&expermode=&pn=60&rn=30&gsm=0x3c>
{'url': u'https://ss2.bdstatic.com/70cFvnSh_Q1YnxGkpoWK1HF6hhy/it/u=27627583,473755321&fm=11&gp=0.jpg'}
2019-11-14 15:09:36 [scrapy.core.scraper] DEBUG: Scraped from <200 https://image.baidu.com/search/acjson?tn=resultjson_com&ipn=rj&ct=201326592&is=&fp=result&queryWord=%E8%82%96%E5%83%8F&cl=2&lm=-1&ie=utf-8&oe=utf-8&adpicid=&st=-1&z=&ic=0&word=%E8%82%96%E5%83%8F&s=&se=&tab=&width=&height=&face=0&istype=2&qc=&nc=1&fr=&expermode=&pn=60&rn=30&gsm=0x3c>
{'url': u'https://ss1.bdstatic.com/70cFvXSh_Q1YnxGkpoWK1HF6hhy/it/u=1607244255,53290930&fm=26&gp=0.jpg'}
2019-11-14 15:09:36 [scrapy.core.scraper] DEBUG: Scraped from <200 https://image.baidu.com/search/acjson?tn=resultjson_com&ipn=rj&ct=201326592&is=&fp=result&queryWord=%E8%82%96%E5%83%8F&cl=2&lm=-1&ie=utf-8&oe=utf-8&adpicid=&st=-1&z=&ic=0&word=%E8%82%96%E5%83%8F&s=&se=&tab=&width=&height=&face=0&istype=2&qc=&nc=1&fr=&expermode=&pn=60&rn=30&gsm=0x3c>
{'url': u'https://ss1.bdstatic.com/70cFvXSh_Q1YnxGkpoWK1HF6hhy/it/u=2153711103,4088882984&fm=26&gp=0.jpg'}
2019-11-14 15:09:36 [scrapy.core.scraper] DEBUG: Scraped from <200 https://image.baidu.com/search/acjson?tn=resultjson_com&ipn=rj&ct=201326592&is=&fp=result&queryWord=%E8%82%96%E5%83%8F&cl=2&lm=-1&ie=utf-8&oe=utf-8&adpicid=&st=-1&z=&ic=0&word=%E8%82%96%E5%83%8F&s=&se=&tab=&width=&height=&face=0&istype=2&qc=&nc=1&fr=&expermode=&pn=60&rn=30&gsm=0x3c>
{'url': u'https://ss1.bdstatic.com/70cFuXSh_Q1YnxGkpoWK1HF6hhy/it/u=3327119994,2654310597&fm=26&gp=0.jpg'}
2019-11-14 15:09:36 [scrapy.core.scraper] DEBUG: Scraped from <200 https://image.baidu.com/search/acjson?tn=resultjson_com&ipn=rj&ct=201326592&is=&fp=result&queryWord=%E8%82%96%E5%83%8F&cl=2&lm=-1&ie=utf-8&oe=utf-8&adpicid=&st=-1&z=&ic=0&word=%E8%82%96%E5%83%8F&s=&se=&tab=&width=&height=&face=0&istype=2&qc=&nc=1&fr=&expermode=&pn=60&rn=30&gsm=0x3c>
{'url': u'https://ss1.bdstatic.com/70cFvXSh_Q1YnxGkpoWK1HF6hhy/it/u=3725583528,3976626539&fm=26&gp=0.jpg'}
2019-11-14 15:09:36 [scrapy.core.scraper] DEBUG: Scraped from <200 https://image.baidu.com/search/acjson?tn=resultjson_com&ipn=rj&ct=201326592&is=&fp=result&queryWord=%E8%82%96%E5%83%8F&cl=2&lm=-1&ie=utf-8&oe=utf-8&adpicid=&st=-1&z=&ic=0&word=%E8%82%96%E5%83%8F&s=&se=&tab=&width=&height=&face=0&istype=2&qc=&nc=1&fr=&expermode=&pn=60&rn=30&gsm=0x3c>
{'url': u'https://ss3.bdstatic.com/70cFv8Sh_Q1YnxGkpoWK1HF6hhy/it/u=3165886035,1661485078&fm=26&gp=0.jpg'}
2019-11-14 15:09:36 [scrapy.core.scraper] DEBUG: Scraped from <200 https://image.baidu.com/search/acjson?tn=resultjson_com&ipn=rj&ct=201326592&is=&fp=result&queryWord=%E8%82%96%E5%83%8F&cl=2&lm=-1&ie=utf-8&oe=utf-8&adpicid=&st=-1&z=&ic=0&word=%E8%82%96%E5%83%8F&s=&se=&tab=&width=&height=&face=0&istype=2&qc=&nc=1&fr=&expermode=&pn=60&rn=30&gsm=0x3c>
{'url': u'https://ss2.bdstatic.com/70cFvnSh_Q1YnxGkpoWK1HF6hhy/it/u=2254054726,2553951290&fm=26&gp=0.jpg'}
2019-11-14 15:09:36 [scrapy.core.scraper] DEBUG: Scraped from <200 https://image.baidu.com/search/acjson?tn=resultjson_com&ipn=rj&ct=201326592&is=&fp=result&queryWord=%E8%82%96%E5%83%8F&cl=2&lm=-1&ie=utf-8&oe=utf-8&adpicid=&st=-1&z=&ic=0&word=%E8%82%96%E5%83%8F&s=&se=&tab=&width=&height=&face=0&istype=2&qc=&nc=1&fr=&expermode=&pn=60&rn=30&gsm=0x3c>
{'url': u'https://ss1.bdstatic.com/70cFvXSh_Q1YnxGkpoWK1HF6hhy/it/u=3595430517,1738683668&fm=26&gp=0.jpg'}
2019-11-14 15:09:36 [scrapy.core.scraper] DEBUG: Scraped from <200 https://image.baidu.com/search/acjson?tn=resultjson_com&ipn=rj&ct=201326592&is=&fp=result&queryWord=%E8%82%96%E5%83%8F&cl=2&lm=-1&ie=utf-8&oe=utf-8&adpicid=&st=-1&z=&ic=0&word=%E8%82%96%E5%83%8F&s=&se=&tab=&width=&height=&face=0&istype=2&qc=&nc=1&fr=&expermode=&pn=30&rn=30&gsm=0x1e>
{'url': u'https://ss0.bdstatic.com/70cFuHSh_Q1YnxGkpoWK1HF6hhy/it/u=4279517740,418421638&fm=26&gp=0.jpg'}
2019-11-14 15:09:36 [scrapy.core.scraper] DEBUG: Scraped from <200 https://image.baidu.com/search/acjson?tn=resultjson_com&ipn=rj&ct=201326592&is=&fp=result&queryWord=%E8%82%96%E5%83%8F&cl=2&lm=-1&ie=utf-8&oe=utf-8&adpicid=&st=-1&z=&ic=0&word=%E8%82%96%E5%83%8F&s=&se=&tab=&width=&height=&face=0&istype=2&qc=&nc=1&fr=&expermode=&pn=30&rn=30&gsm=0x1e>
{'url': u'https://ss0.bdstatic.com/70cFuHSh_Q1YnxGkpoWK1HF6hhy/it/u=3941315079,3340520693&fm=26&gp=0.jpg'}
2019-11-14 15:09:36 [scrapy.core.scraper] DEBUG: Scraped from <200 https://image.baidu.com/search/acjson?tn=resultjson_com&ipn=rj&ct=201326592&is=&fp=result&queryWord=%E8%82%96%E5%83%8F&cl=2&lm=-1&ie=utf-8&oe=utf-8&adpicid=&st=-1&z=&ic=0&word=%E8%82%96%E5%83%8F&s=&se=&tab=&width=&height=&face=0&istype=2&qc=&nc=1&fr=&expermode=&pn=30&rn=30&gsm=0x1e>
{'url': u'https://ss1.bdstatic.com/70cFvXSh_Q1YnxGkpoWK1HF6hhy/it/u=1679783561,3119281872&fm=26&gp=0.jpg'}
2019-11-14 15:09:36 [scrapy.core.scraper] DEBUG: Scraped from <200 https://image.baidu.com/search/acjson?tn=resultjson_com&ipn=rj&ct=201326592&is=&fp=result&queryWord=%E8%82%96%E5%83%8F&cl=2&lm=-1&ie=utf-8&oe=utf-8&adpicid=&st=-1&z=&ic=0&word=%E8%82%96%E5%83%8F&s=&se=&tab=&width=&height=&face=0&istype=2&qc=&nc=1&fr=&expermode=&pn=30&rn=30&gsm=0x1e>
{'url': u'https://ss1.bdstatic.com/70cFuXSh_Q1YnxGkpoWK1HF6hhy/it/u=2073837002,2285303863&fm=26&gp=0.jpg'}
2019-11-14 15:09:36 [scrapy.core.scraper] DEBUG: Scraped from <200 https://image.baidu.com/search/acjson?tn=resultjson_com&ipn=rj&ct=201326592&is=&fp=result&queryWord=%E8%82%96%E5%83%8F&cl=2&lm=-1&ie=utf-8&oe=utf-8&adpicid=&st=-1&z=&ic=0&word=%E8%82%96%E5%83%8F&s=&se=&tab=&width=&height=&face=0&istype=2&qc=&nc=1&fr=&expermode=&pn=30&rn=30&gsm=0x1e>
{'url': u'https://ss1.bdstatic.com/70cFuXSh_Q1YnxGkpoWK1HF6hhy/it/u=3773963826,1304103957&fm=26&gp=0.jpg'}
2019-11-14 15:09:36 [scrapy.core.scraper] DEBUG: Scraped from <200 https://image.baidu.com/search/acjson?tn=resultjson_com&ipn=rj&ct=201326592&is=&fp=result&queryWord=%E8%82%96%E5%83%8F&cl=2&lm=-1&ie=utf-8&oe=utf-8&adpicid=&st=-1&z=&ic=0&word=%E8%82%96%E5%83%8F&s=&se=&tab=&width=&height=&face=0&istype=2&qc=&nc=1&fr=&expermode=&pn=30&rn=30&gsm=0x1e>
{'url': u'https://ss1.bdstatic.com/70cFuXSh_Q1YnxGkpoWK1HF6hhy/it/u=3466508572,1026048491&fm=26&gp=0.jpg'}
2019-11-14 15:09:36 [scrapy.core.scraper] DEBUG: Scraped from <200 https://image.baidu.com/search/acjson?tn=resultjson_com&ipn=rj&ct=201326592&is=&fp=result&queryWord=%E8%82%96%E5%83%8F&cl=2&lm=-1&ie=utf-8&oe=utf-8&adpicid=&st=-1&z=&ic=0&word=%E8%82%96%E5%83%8F&s=&se=&tab=&width=&height=&face=0&istype=2&qc=&nc=1&fr=&expermode=&pn=30&rn=30&gsm=0x1e>
{'url': u'https://ss0.bdstatic.com/70cFuHSh_Q1YnxGkpoWK1HF6hhy/it/u=1808854350,2128689496&fm=26&gp=0.jpg'}
2019-11-14 15:09:36 [scrapy.core.scraper] DEBUG: Scraped from <200 https://image.baidu.com/search/acjson?tn=resultjson_com&ipn=rj&ct=201326592&is=&fp=result&queryWord=%E8%82%96%E5%83%8F&cl=2&lm=-1&ie=utf-8&oe=utf-8&adpicid=&st=-1&z=&ic=0&word=%E8%82%96%E5%83%8F&s=&se=&tab=&width=&height=&face=0&istype=2&qc=&nc=1&fr=&expermode=&pn=30&rn=30&gsm=0x1e>
{'url': u'https://ss2.bdstatic.com/70cFvnSh_Q1YnxGkpoWK1HF6hhy/it/u=3366781602,4124820822&fm=26&gp=0.jpg'}
2019-11-14 15:09:36 [scrapy.core.scraper] DEBUG: Scraped from <200 https://image.baidu.com/search/acjson?tn=resultjson_com&ipn=rj&ct=201326592&is=&fp=result&queryWord=%E8%82%96%E5%83%8F&cl=2&lm=-1&ie=utf-8&oe=utf-8&adpicid=&st=-1&z=&ic=0&word=%E8%82%96%E5%83%8F&s=&se=&tab=&width=&height=&face=0&istype=2&qc=&nc=1&fr=&expermode=&pn=30&rn=30&gsm=0x1e>
{'url': u'https://ss0.bdstatic.com/70cFuHSh_Q1YnxGkpoWK1HF6hhy/it/u=2293695616,2939070592&fm=26&gp=0.jpg'}
2019-11-14 15:09:36 [scrapy.core.scraper] DEBUG: Scraped from <200 https://image.baidu.com/search/acjson?tn=resultjson_com&ipn=rj&ct=201326592&is=&fp=result&queryWord=%E8%82%96%E5%83%8F&cl=2&lm=-1&ie=utf-8&oe=utf-8&adpicid=&st=-1&z=&ic=0&word=%E8%82%96%E5%83%8F&s=&se=&tab=&width=&height=&face=0&istype=2&qc=&nc=1&fr=&expermode=&pn=30&rn=30&gsm=0x1e>
{'url': u'https://ss2.bdstatic.com/70cFvnSh_Q1YnxGkpoWK1HF6hhy/it/u=3334437896,1624828990&fm=26&gp=0.jpg'}
2019-11-14 15:09:36 [scrapy.core.scraper] DEBUG: Scraped from <200 https://image.baidu.com/search/acjson?tn=resultjson_com&ipn=rj&ct=201326592&is=&fp=result&queryWord=%E8%82%96%E5%83%8F&cl=2&lm=-1&ie=utf-8&oe=utf-8&adpicid=&st=-1&z=&ic=0&word=%E8%82%96%E5%83%8F&s=&se=&tab=&width=&height=&face=0&istype=2&qc=&nc=1&fr=&expermode=&pn=60&rn=30&gsm=0x3c>
{'url': u'https://ss2.bdstatic.com/70cFvnSh_Q1YnxGkpoWK1HF6hhy/it/u=3404657926,3079435688&fm=26&gp=0.jpg'}
2019-11-14 15:09:36 [scrapy.core.scraper] DEBUG: Scraped from <200 https://image.baidu.com/search/acjson?tn=resultjson_com&ipn=rj&ct=201326592&is=&fp=result&queryWord=%E8%82%96%E5%83%8F&cl=2&lm=-1&ie=utf-8&oe=utf-8&adpicid=&st=-1&z=&ic=0&word=%E8%82%96%E5%83%8F&s=&se=&tab=&width=&height=&face=0&istype=2&qc=&nc=1&fr=&expermode=&pn=60&rn=30&gsm=0x3c>
{'url': u'https://ss0.bdstatic.com/70cFuHSh_Q1YnxGkpoWK1HF6hhy/it/u=2387201952,3861309536&fm=26&gp=0.jpg'}
2019-11-14 15:09:36 [scrapy.core.scraper] DEBUG: Scraped from <200 https://image.baidu.com/search/acjson?tn=resultjson_com&ipn=rj&ct=201326592&is=&fp=result&queryWord=%E8%82%96%E5%83%8F&cl=2&lm=-1&ie=utf-8&oe=utf-8&adpicid=&st=-1&z=&ic=0&word=%E8%82%96%E5%83%8F&s=&se=&tab=&width=&height=&face=0&istype=2&qc=&nc=1&fr=&expermode=&pn=60&rn=30&gsm=0x3c>
{'url': u'https://ss2.bdstatic.com/70cFvnSh_Q1YnxGkpoWK1HF6hhy/it/u=1287599724,1518433250&fm=26&gp=0.jpg'}
2019-11-14 15:09:36 [scrapy.core.scraper] DEBUG: Scraped from <200 https://image.baidu.com/search/acjson?tn=resultjson_com&ipn=rj&ct=201326592&is=&fp=result&queryWord=%E8%82%96%E5%83%8F&cl=2&lm=-1&ie=utf-8&oe=utf-8&adpicid=&st=-1&z=&ic=0&word=%E8%82%96%E5%83%8F&s=&se=&tab=&width=&height=&face=0&istype=2&qc=&nc=1&fr=&expermode=&pn=60&rn=30&gsm=0x3c>
{'url': u'https://ss1.bdstatic.com/70cFuXSh_Q1YnxGkpoWK1HF6hhy/it/u=3046130842,1641970847&fm=26&gp=0.jpg'}
2019-11-14 15:09:36 [scrapy.core.scraper] DEBUG: Scraped from <200 https://image.baidu.com/search/acjson?tn=resultjson_com&ipn=rj&ct=201326592&is=&fp=result&queryWord=%E8%82%96%E5%83%8F&cl=2&lm=-1&ie=utf-8&oe=utf-8&adpicid=&st=-1&z=&ic=0&word=%E8%82%96%E5%83%8F&s=&se=&tab=&width=&height=&face=0&istype=2&qc=&nc=1&fr=&expermode=&pn=60&rn=30&gsm=0x3c>
{'url': u'https://ss3.bdstatic.com/70cFv8Sh_Q1YnxGkpoWK1HF6hhy/it/u=1661691298,2497244831&fm=26&gp=0.jpg'}
2019-11-14 15:09:36 [scrapy.core.scraper] DEBUG: Scraped from <200 https://image.baidu.com/search/acjson?tn=resultjson_com&ipn=rj&ct=201326592&is=&fp=result&queryWord=%E8%82%96%E5%83%8F&cl=2&lm=-1&ie=utf-8&oe=utf-8&adpicid=&st=-1&z=&ic=0&word=%E8%82%96%E5%83%8F&s=&se=&tab=&width=&height=&face=0&istype=2&qc=&nc=1&fr=&expermode=&pn=60&rn=30&gsm=0x3c>
{'url': u'https://ss0.bdstatic.com/70cFvHSh_Q1YnxGkpoWK1HF6hhy/it/u=299732937,1226967723&fm=26&gp=0.jpg'}
2019-11-14 15:09:36 [scrapy.core.scraper] DEBUG: Scraped from <200 https://image.baidu.com/search/acjson?tn=resultjson_com&ipn=rj&ct=201326592&is=&fp=result&queryWord=%E8%82%96%E5%83%8F&cl=2&lm=-1&ie=utf-8&oe=utf-8&adpicid=&st=-1&z=&ic=0&word=%E8%82%96%E5%83%8F&s=&se=&tab=&width=&height=&face=0&istype=2&qc=&nc=1&fr=&expermode=&pn=60&rn=30&gsm=0x3c>
{'url': u'https://ss0.bdstatic.com/70cFvHSh_Q1YnxGkpoWK1HF6hhy/it/u=1510646335,2006599439&fm=26&gp=0.jpg'}
2019-11-14 15:09:36 [scrapy.core.scraper] DEBUG: Scraped from <200 https://image.baidu.com/search/acjson?tn=resultjson_com&ipn=rj&ct=201326592&is=&fp=result&queryWord=%E8%82%96%E5%83%8F&cl=2&lm=-1&ie=utf-8&oe=utf-8&adpicid=&st=-1&z=&ic=0&word=%E8%82%96%E5%83%8F&s=&se=&tab=&width=&height=&face=0&istype=2&qc=&nc=1&fr=&expermode=&pn=60&rn=30&gsm=0x3c>
{'url': u'https://ss0.bdstatic.com/70cFuHSh_Q1YnxGkpoWK1HF6hhy/it/u=1490022797,3985160913&fm=26&gp=0.jpg'}
2019-11-14 15:09:36 [scrapy.core.scraper] DEBUG: Scraped from <200 https://image.baidu.com/search/acjson?tn=resultjson_com&ipn=rj&ct=201326592&is=&fp=result&queryWord=%E8%82%96%E5%83%8F&cl=2&lm=-1&ie=utf-8&oe=utf-8&adpicid=&st=-1&z=&ic=0&word=%E8%82%96%E5%83%8F&s=&se=&tab=&width=&height=&face=0&istype=2&qc=&nc=1&fr=&expermode=&pn=60&rn=30&gsm=0x3c>
{'url': u'https://ss1.bdstatic.com/70cFvXSh_Q1YnxGkpoWK1HF6hhy/it/u=1381333877,555734642&fm=26&gp=0.jpg'}
2019-11-14 15:09:36 [scrapy.core.scraper] DEBUG: Scraped from <200 https://image.baidu.com/search/acjson?tn=resultjson_com&ipn=rj&ct=201326592&is=&fp=result&queryWord=%E8%82%96%E5%83%8F&cl=2&lm=-1&ie=utf-8&oe=utf-8&adpicid=&st=-1&z=&ic=0&word=%E8%82%96%E5%83%8F&s=&se=&tab=&width=&height=&face=0&istype=2&qc=&nc=1&fr=&expermode=&pn=60&rn=30&gsm=0x3c>
{'url': u'https://ss1.bdstatic.com/70cFuXSh_Q1YnxGkpoWK1HF6hhy/it/u=1057499626,4126403951&fm=26&gp=0.jpg'}
2019-11-14 15:09:36 [scrapy.core.scraper] DEBUG: Scraped from <200 https://image.baidu.com/search/acjson?tn=resultjson_com&ipn=rj&ct=201326592&is=&fp=result&queryWord=%E8%82%96%E5%83%8F&cl=2&lm=-1&ie=utf-8&oe=utf-8&adpicid=&st=-1&z=&ic=0&word=%E8%82%96%E5%83%8F&s=&se=&tab=&width=&height=&face=0&istype=2&qc=&nc=1&fr=&expermode=&pn=60&rn=30&gsm=0x3c>
{'url': u'https://ss0.bdstatic.com/70cFuHSh_Q1YnxGkpoWK1HF6hhy/it/u=3300233110,1906960468&fm=26&gp=0.jpg'}
2019-11-14 15:09:36 [scrapy.core.scraper] DEBUG: Scraped from <200 https://image.baidu.com/search/acjson?tn=resultjson_com&ipn=rj&ct=201326592&is=&fp=result&queryWord=%E8%82%96%E5%83%8F&cl=2&lm=-1&ie=utf-8&oe=utf-8&adpicid=&st=-1&z=&ic=0&word=%E8%82%96%E5%83%8F&s=&se=&tab=&width=&height=&face=0&istype=2&qc=&nc=1&fr=&expermode=&pn=30&rn=30&gsm=0x1e>
{'url': u'https://ss1.bdstatic.com/70cFuXSh_Q1YnxGkpoWK1HF6hhy/it/u=2557661848,3412258451&fm=26&gp=0.jpg'}
2019-11-14 15:09:36 [scrapy.core.scraper] DEBUG: Scraped from <200 https://image.baidu.com/search/acjson?tn=resultjson_com&ipn=rj&ct=201326592&is=&fp=result&queryWord=%E8%82%96%E5%83%8F&cl=2&lm=-1&ie=utf-8&oe=utf-8&adpicid=&st=-1&z=&ic=0&word=%E8%82%96%E5%83%8F&s=&se=&tab=&width=&height=&face=0&istype=2&qc=&nc=1&fr=&expermode=&pn=30&rn=30&gsm=0x1e>
{'url': u'https://ss3.bdstatic.com/70cFv8Sh_Q1YnxGkpoWK1HF6hhy/it/u=2242945521,3347715100&fm=26&gp=0.jpg'}
2019-11-14 15:09:36 [scrapy.core.scraper] DEBUG: Scraped from <200 https://image.baidu.com/search/acjson?tn=resultjson_com&ipn=rj&ct=201326592&is=&fp=result&queryWord=%E8%82%96%E5%83%8F&cl=2&lm=-1&ie=utf-8&oe=utf-8&adpicid=&st=-1&z=&ic=0&word=%E8%82%96%E5%83%8F&s=&se=&tab=&width=&height=&face=0&istype=2&qc=&nc=1&fr=&expermode=&pn=30&rn=30&gsm=0x1e>
{'url': u'https://ss1.bdstatic.com/70cFvXSh_Q1YnxGkpoWK1HF6hhy/it/u=3456240627,6324514&fm=26&gp=0.jpg'}
2019-11-14 15:09:36 [scrapy.core.scraper] DEBUG: Scraped from <200 https://image.baidu.com/search/acjson?tn=resultjson_com&ipn=rj&ct=201326592&is=&fp=result&queryWord=%E8%82%96%E5%83%8F&cl=2&lm=-1&ie=utf-8&oe=utf-8&adpicid=&st=-1&z=&ic=0&word=%E8%82%96%E5%83%8F&s=&se=&tab=&width=&height=&face=0&istype=2&qc=&nc=1&fr=&expermode=&pn=30&rn=30&gsm=0x1e>
{'url': u'https://ss3.bdstatic.com/70cFv8Sh_Q1YnxGkpoWK1HF6hhy/it/u=3579977278,899536377&fm=26&gp=0.jpg'}
2019-11-14 15:09:36 [scrapy.core.scraper] DEBUG: Scraped from <200 https://image.baidu.com/search/acjson?tn=resultjson_com&ipn=rj&ct=201326592&is=&fp=result&queryWord=%E8%82%96%E5%83%8F&cl=2&lm=-1&ie=utf-8&oe=utf-8&adpicid=&st=-1&z=&ic=0&word=%E8%82%96%E5%83%8F&s=&se=&tab=&width=&height=&face=0&istype=2&qc=&nc=1&fr=&expermode=&pn=30&rn=30&gsm=0x1e>
{'url': u'https://ss0.bdstatic.com/70cFuHSh_Q1YnxGkpoWK1HF6hhy/it/u=234244211,1134075263&fm=26&gp=0.jpg'}
2019-11-14 15:09:36 [scrapy.core.scraper] DEBUG: Scraped from <200 https://image.baidu.com/search/acjson?tn=resultjson_com&ipn=rj&ct=201326592&is=&fp=result&queryWord=%E8%82%96%E5%83%8F&cl=2&lm=-1&ie=utf-8&oe=utf-8&adpicid=&st=-1&z=&ic=0&word=%E8%82%96%E5%83%8F&s=&se=&tab=&width=&height=&face=0&istype=2&qc=&nc=1&fr=&expermode=&pn=30&rn=30&gsm=0x1e>
{'url': u'https://ss0.bdstatic.com/70cFvHSh_Q1YnxGkpoWK1HF6hhy/it/u=3470819100,2942497762&fm=26&gp=0.jpg'}
2019-11-14 15:09:36 [scrapy.core.scraper] DEBUG: Scraped from <200 https://image.baidu.com/search/acjson?tn=resultjson_com&ipn=rj&ct=201326592&is=&fp=result&queryWord=%E8%82%96%E5%83%8F&cl=2&lm=-1&ie=utf-8&oe=utf-8&adpicid=&st=-1&z=&ic=0&word=%E8%82%96%E5%83%8F&s=&se=&tab=&width=&height=&face=0&istype=2&qc=&nc=1&fr=&expermode=&pn=30&rn=30&gsm=0x1e>
{'url': u'https://ss1.bdstatic.com/70cFuXSh_Q1YnxGkpoWK1HF6hhy/it/u=1217113120,6436381&fm=26&gp=0.jpg'}
2019-11-14 15:09:36 [scrapy.core.scraper] DEBUG: Scraped from <200 https://image.baidu.com/search/acjson?tn=resultjson_com&ipn=rj&ct=201326592&is=&fp=result&queryWord=%E8%82%96%E5%83%8F&cl=2&lm=-1&ie=utf-8&oe=utf-8&adpicid=&st=-1&z=&ic=0&word=%E8%82%96%E5%83%8F&s=&se=&tab=&width=&height=&face=0&istype=2&qc=&nc=1&fr=&expermode=&pn=30&rn=30&gsm=0x1e>
{'url': u'https://ss1.bdstatic.com/70cFuXSh_Q1YnxGkpoWK1HF6hhy/it/u=3961529233,1815556772&fm=26&gp=0.jpg'}
2019-11-14 15:09:36 [scrapy.core.scraper] DEBUG: Scraped from <200 https://image.baidu.com/search/acjson?tn=resultjson_com&ipn=rj&ct=201326592&is=&fp=result&queryWord=%E8%82%96%E5%83%8F&cl=2&lm=-1&ie=utf-8&oe=utf-8&adpicid=&st=-1&z=&ic=0&word=%E8%82%96%E5%83%8F&s=&se=&tab=&width=&height=&face=0&istype=2&qc=&nc=1&fr=&expermode=&pn=30&rn=30&gsm=0x1e>
{'url': u'https://ss1.bdstatic.com/70cFuXSh_Q1YnxGkpoWK1HF6hhy/it/u=2001759035,3223737850&fm=26&gp=0.jpg'}
2019-11-14 15:09:36 [scrapy.core.scraper] DEBUG: Scraped from <200 https://image.baidu.com/search/acjson?tn=resultjson_com&ipn=rj&ct=201326592&is=&fp=result&queryWord=%E8%82%96%E5%83%8F&cl=2&lm=-1&ie=utf-8&oe=utf-8&adpicid=&st=-1&z=&ic=0&word=%E8%82%96%E5%83%8F&s=&se=&tab=&width=&height=&face=0&istype=2&qc=&nc=1&fr=&expermode=&pn=60&rn=30&gsm=0x3c>
{'url': u'https://ss2.bdstatic.com/70cFvnSh_Q1YnxGkpoWK1HF6hhy/it/u=2088928057,3204343259&fm=26&gp=0.jpg'}
2019-11-14 15:09:36 [scrapy.core.scraper] DEBUG: Scraped from <200 https://image.baidu.com/search/acjson?tn=resultjson_com&ipn=rj&ct=201326592&is=&fp=result&queryWord=%E8%82%96%E5%83%8F&cl=2&lm=-1&ie=utf-8&oe=utf-8&adpicid=&st=-1&z=&ic=0&word=%E8%82%96%E5%83%8F&s=&se=&tab=&width=&height=&face=0&istype=2&qc=&nc=1&fr=&expermode=&pn=60&rn=30&gsm=0x3c>
{'url': u'https://ss0.bdstatic.com/70cFvHSh_Q1YnxGkpoWK1HF6hhy/it/u=412347126,905913018&fm=26&gp=0.jpg'}
2019-11-14 15:09:36 [scrapy.core.scraper] DEBUG: Scraped from <200 https://image.baidu.com/search/acjson?tn=resultjson_com&ipn=rj&ct=201326592&is=&fp=result&queryWord=%E8%82%96%E5%83%8F&cl=2&lm=-1&ie=utf-8&oe=utf-8&adpicid=&st=-1&z=&ic=0&word=%E8%82%96%E5%83%8F&s=&se=&tab=&width=&height=&face=0&istype=2&qc=&nc=1&fr=&expermode=&pn=60&rn=30&gsm=0x3c>
{'url': u'https://ss0.bdstatic.com/70cFvHSh_Q1YnxGkpoWK1HF6hhy/it/u=1046881585,1500062201&fm=26&gp=0.jpg'}
2019-11-14 15:09:36 [scrapy.core.scraper] DEBUG: Scraped from <200 https://image.baidu.com/search/acjson?tn=resultjson_com&ipn=rj&ct=201326592&is=&fp=result&queryWord=%E8%82%96%E5%83%8F&cl=2&lm=-1&ie=utf-8&oe=utf-8&adpicid=&st=-1&z=&ic=0&word=%E8%82%96%E5%83%8F&s=&se=&tab=&width=&height=&face=0&istype=2&qc=&nc=1&fr=&expermode=&pn=60&rn=30&gsm=0x3c>
{'url': u'https://ss3.bdstatic.com/70cFv8Sh_Q1YnxGkpoWK1HF6hhy/it/u=2647765664,999430675&fm=26&gp=0.jpg'}
2019-11-14 15:09:36 [scrapy.core.scraper] DEBUG: Scraped from <200 https://image.baidu.com/search/acjson?tn=resultjson_com&ipn=rj&ct=201326592&is=&fp=result&queryWord=%E8%82%96%E5%83%8F&cl=2&lm=-1&ie=utf-8&oe=utf-8&adpicid=&st=-1&z=&ic=0&word=%E8%82%96%E5%83%8F&s=&se=&tab=&width=&height=&face=0&istype=2&qc=&nc=1&fr=&expermode=&pn=60&rn=30&gsm=0x3c>
{'url': u'https://ss1.bdstatic.com/70cFvXSh_Q1YnxGkpoWK1HF6hhy/it/u=1577116787,2742336396&fm=26&gp=0.jpg'}
2019-11-14 15:09:36 [scrapy.core.scraper] DEBUG: Scraped from <200 https://image.baidu.com/search/acjson?tn=resultjson_com&ipn=rj&ct=201326592&is=&fp=result&queryWord=%E8%82%96%E5%83%8F&cl=2&lm=-1&ie=utf-8&oe=utf-8&adpicid=&st=-1&z=&ic=0&word=%E8%82%96%E5%83%8F&s=&se=&tab=&width=&height=&face=0&istype=2&qc=&nc=1&fr=&expermode=&pn=60&rn=30&gsm=0x3c>
{'url': u'https://ss0.bdstatic.com/70cFvHSh_Q1YnxGkpoWK1HF6hhy/it/u=4260073249,2761267383&fm=26&gp=0.jpg'}
2019-11-14 15:09:36 [scrapy.core.scraper] DEBUG: Scraped from <200 https://image.baidu.com/search/acjson?tn=resultjson_com&ipn=rj&ct=201326592&is=&fp=result&queryWord=%E8%82%96%E5%83%8F&cl=2&lm=-1&ie=utf-8&oe=utf-8&adpicid=&st=-1&z=&ic=0&word=%E8%82%96%E5%83%8F&s=&se=&tab=&width=&height=&face=0&istype=2&qc=&nc=1&fr=&expermode=&pn=60&rn=30&gsm=0x3c>
{'url': u'https://ss1.bdstatic.com/70cFuXSh_Q1YnxGkpoWK1HF6hhy/it/u=2874127670,2743307167&fm=26&gp=0.jpg'}
2019-11-14 15:09:36 [scrapy.core.scraper] DEBUG: Scraped from <200 https://image.baidu.com/search/acjson?tn=resultjson_com&ipn=rj&ct=201326592&is=&fp=result&queryWord=%E8%82%96%E5%83%8F&cl=2&lm=-1&ie=utf-8&oe=utf-8&adpicid=&st=-1&z=&ic=0&word=%E8%82%96%E5%83%8F&s=&se=&tab=&width=&height=&face=0&istype=2&qc=&nc=1&fr=&expermode=&pn=60&rn=30&gsm=0x3c>
{'url': u'https://ss1.bdstatic.com/70cFuXSh_Q1YnxGkpoWK1HF6hhy/it/u=3496672979,3393238132&fm=26&gp=0.jpg'}
2019-11-14 15:09:36 [scrapy.core.scraper] DEBUG: Scraped from <200 https://image.baidu.com/search/acjson?tn=resultjson_com&ipn=rj&ct=201326592&is=&fp=result&queryWord=%E8%82%96%E5%83%8F&cl=2&lm=-1&ie=utf-8&oe=utf-8&adpicid=&st=-1&z=&ic=0&word=%E8%82%96%E5%83%8F&s=&se=&tab=&width=&height=&face=0&istype=2&qc=&nc=1&fr=&expermode=&pn=30&rn=30&gsm=0x1e>
{'url': u'https://ss1.bdstatic.com/70cFvXSh_Q1YnxGkpoWK1HF6hhy/it/u=3691649366,2624196369&fm=26&gp=0.jpg'}
2019-11-14 15:09:38 [scrapy.core.engine] DEBUG: Crawled (200) <GET https://image.baidu.com/search/acjson?tn=resultjson_com&ipn=rj&ct=201326592&is=&fp=result&queryWord=%E8%82%96%E5%83%8F&cl=2&lm=-1&ie=utf-8&oe=utf-8&adpicid=&st=-1&z=&ic=0&word=%E8%82%96%E5%83%8F&s=&se=&tab=&width=&height=&face=0&istype=2&qc=&nc=1&fr=&expermode=&pn=90&rn=30&gsm=0x5a> (referer: None)
2019-11-14 15:09:38 [scrapy.pipelines.files] DEBUG: File (uptodate): Downloaded image from <GET https://ss0.bdstatic.com/70cFuHSh_Q1YnxGkpoWK1HF6hhy/it/u=341076384,755304088&fm=26&gp=0.jpg> referred in <None>
2019-11-14 15:09:38 [scrapy.pipelines.files] DEBUG: File (uptodate): Downloaded image from <GET https://ss0.bdstatic.com/70cFvHSh_Q1YnxGkpoWK1HF6hhy/it/u=2114475276,1714699812&fm=26&gp=0.jpg> referred in <None>
2019-11-14 15:09:38 [scrapy.pipelines.files] DEBUG: File (uptodate): Downloaded image from <GET https://ss0.bdstatic.com/70cFuHSh_Q1YnxGkpoWK1HF6hhy/it/u=488474179,2533038525&fm=26&gp=0.jpg> referred in <None>
2019-11-14 15:09:38 [scrapy.pipelines.files] DEBUG: File (uptodate): Downloaded image from <GET https://ss3.bdstatic.com/70cFv8Sh_Q1YnxGkpoWK1HF6hhy/it/u=2063249732,3008770175&fm=26&gp=0.jpg> referred in <None>
2019-11-14 15:09:38 [scrapy.pipelines.files] DEBUG: File (uptodate): Downloaded image from <GET https://ss1.bdstatic.com/70cFvXSh_Q1YnxGkpoWK1HF6hhy/it/u=107399851,2186102328&fm=26&gp=0.jpg> referred in <None>
2019-11-14 15:09:38 [scrapy.pipelines.files] DEBUG: File (uptodate): Downloaded image from <GET https://ss1.bdstatic.com/70cFvXSh_Q1YnxGkpoWK1HF6hhy/it/u=3996220722,989880233&fm=26&gp=0.jpg> referred in <None>
2019-11-14 15:09:38 [scrapy.pipelines.files] DEBUG: File (uptodate): Downloaded image from <GET https://ss3.bdstatic.com/70cFv8Sh_Q1YnxGkpoWK1HF6hhy/it/u=4213524284,2086561259&fm=26&gp=0.jpg> referred in <None>
2019-11-14 15:09:38 [scrapy.pipelines.files] DEBUG: File (uptodate): Downloaded image from <GET https://ss3.bdstatic.com/70cFv8Sh_Q1YnxGkpoWK1HF6hhy/it/u=2521896722,50181067&fm=26&gp=0.jpg> referred in <None>
2019-11-14 15:09:38 [scrapy.pipelines.files] DEBUG: File (uptodate): Downloaded image from <GET https://ss0.bdstatic.com/70cFuHSh_Q1YnxGkpoWK1HF6hhy/it/u=2383203153,817335973&fm=26&gp=0.jpg> referred in <None>
2019-11-14 15:09:38 [scrapy.pipelines.files] DEBUG: File (uptodate): Downloaded image from <GET https://ss1.bdstatic.com/70cFuXSh_Q1YnxGkpoWK1HF6hhy/it/u=2903034445,429201394&fm=26&gp=0.jpg> referred in <None>
2019-11-14 15:09:38 [scrapy.pipelines.files] DEBUG: File (uptodate): Downloaded image from <GET https://ss1.bdstatic.com/70cFuXSh_Q1YnxGkpoWK1HF6hhy/it/u=2767886059,2123039588&fm=26&gp=0.jpg> referred in <None>
2019-11-14 15:09:38 [scrapy.pipelines.files] DEBUG: File (uptodate): Downloaded image from <GET https://ss1.bdstatic.com/70cFvXSh_Q1YnxGkpoWK1HF6hhy/it/u=4061321581,2223015046&fm=26&gp=0.jpg> referred in <None>
2019-11-14 15:09:38 [scrapy.pipelines.files] DEBUG: File (uptodate): Downloaded image from <GET https://ss1.bdstatic.com/70cFuXSh_Q1YnxGkpoWK1HF6hhy/it/u=3595655705,3156990100&fm=26&gp=0.jpg> referred in <None>
2019-11-14 15:09:38 [scrapy.pipelines.files] DEBUG: File (uptodate): Downloaded image from <GET https://ss0.bdstatic.com/70cFuHSh_Q1YnxGkpoWK1HF6hhy/it/u=4071293503,1184569171&fm=26&gp=0.jpg> referred in <None>
2019-11-14 15:09:38 [scrapy.pipelines.files] DEBUG: File (uptodate): Downloaded image from <GET https://ss0.bdstatic.com/70cFuHSh_Q1YnxGkpoWK1HF6hhy/it/u=279304660,701318916&fm=26&gp=0.jpg> referred in <None>
2019-11-14 15:09:38 [scrapy.pipelines.files] DEBUG: File (uptodate): Downloaded image from <GET https://ss0.bdstatic.com/70cFuHSh_Q1YnxGkpoWK1HF6hhy/it/u=2820345557,1020559805&fm=26&gp=0.jpg> referred in <None>
2019-11-14 15:09:38 [scrapy.pipelines.files] DEBUG: File (uptodate): Downloaded image from <GET https://ss1.bdstatic.com/70cFvXSh_Q1YnxGkpoWK1HF6hhy/it/u=4289751004,4293022861&fm=26&gp=0.jpg> referred in <None>
2019-11-14 15:09:38 [scrapy.pipelines.files] DEBUG: File (uptodate): Downloaded image from <GET https://ss3.bdstatic.com/70cFv8Sh_Q1YnxGkpoWK1HF6hhy/it/u=2879282559,510472938&fm=26&gp=0.jpg> referred in <None>
2019-11-14 15:09:38 [scrapy.pipelines.files] DEBUG: File (uptodate): Downloaded image from <GET https://ss0.bdstatic.com/70cFuHSh_Q1YnxGkpoWK1HF6hhy/it/u=3436690440,543172354&fm=26&gp=0.jpg> referred in <None>
2019-11-14 15:09:38 [scrapy.pipelines.files] DEBUG: File (uptodate): Downloaded image from <GET https://ss2.bdstatic.com/70cFvnSh_Q1YnxGkpoWK1HF6hhy/it/u=407306879,4181263975&fm=26&gp=0.jpg> referred in <None>
2019-11-14 15:09:38 [scrapy.core.scraper] ERROR: Error processing {'url': None}
Traceback (most recent call last):
  File "/usr/lib64/python2.7/site-packages/twisted/internet/defer.py", line 654, in _runCallbacks
    current.result = callback(current.result, *args, **kw)
  File "/usr/lib64/python2.7/site-packages/scrapy/pipelines/media.py", line 80, in process_item
    dlist = [self._process_request(r, info) for r in requests]
  File "/python_spider/BaiduImages/BaiduImages/pipelines.py", line 26, in get_media_requests
    yield Request(item['url'])
  File "/usr/lib64/python2.7/site-packages/scrapy/http/request/__init__.py", line 25, in __init__
    self._set_url(url)
  File "/usr/lib64/python2.7/site-packages/scrapy/http/request/__init__.py", line 63, in _set_url
    raise TypeError('Request url must be str or unicode, got %s:' % type(url).__name__)
TypeError: Request url must be str or unicode, got NoneType:
2019-11-14 15:09:38 [scrapy.core.scraper] DEBUG: Scraped from <200 https://image.baidu.com/search/acjson?tn=resultjson_com&ipn=rj&ct=201326592&is=&fp=result&queryWord=%E8%82%96%E5%83%8F&cl=2&lm=-1&ie=utf-8&oe=utf-8&adpicid=&st=-1&z=&ic=0&word=%E8%82%96%E5%83%8F&s=&se=&tab=&width=&height=&face=0&istype=2&qc=&nc=1&fr=&expermode=&pn=90&rn=30&gsm=0x5a>
{'url': u'https://ss0.bdstatic.com/70cFuHSh_Q1YnxGkpoWK1HF6hhy/it/u=341076384,755304088&fm=26&gp=0.jpg'}
2019-11-14 15:09:38 [scrapy.core.scraper] DEBUG: Scraped from <200 https://image.baidu.com/search/acjson?tn=resultjson_com&ipn=rj&ct=201326592&is=&fp=result&queryWord=%E8%82%96%E5%83%8F&cl=2&lm=-1&ie=utf-8&oe=utf-8&adpicid=&st=-1&z=&ic=0&word=%E8%82%96%E5%83%8F&s=&se=&tab=&width=&height=&face=0&istype=2&qc=&nc=1&fr=&expermode=&pn=90&rn=30&gsm=0x5a>
{'url': u'https://ss0.bdstatic.com/70cFvHSh_Q1YnxGkpoWK1HF6hhy/it/u=2114475276,1714699812&fm=26&gp=0.jpg'}
2019-11-14 15:09:38 [scrapy.core.scraper] DEBUG: Scraped from <200 https://image.baidu.com/search/acjson?tn=resultjson_com&ipn=rj&ct=201326592&is=&fp=result&queryWord=%E8%82%96%E5%83%8F&cl=2&lm=-1&ie=utf-8&oe=utf-8&adpicid=&st=-1&z=&ic=0&word=%E8%82%96%E5%83%8F&s=&se=&tab=&width=&height=&face=0&istype=2&qc=&nc=1&fr=&expermode=&pn=90&rn=30&gsm=0x5a>
{'url': u'https://ss0.bdstatic.com/70cFuHSh_Q1YnxGkpoWK1HF6hhy/it/u=488474179,2533038525&fm=26&gp=0.jpg'}
2019-11-14 15:09:38 [scrapy.core.scraper] DEBUG: Scraped from <200 https://image.baidu.com/search/acjson?tn=resultjson_com&ipn=rj&ct=201326592&is=&fp=result&queryWord=%E8%82%96%E5%83%8F&cl=2&lm=-1&ie=utf-8&oe=utf-8&adpicid=&st=-1&z=&ic=0&word=%E8%82%96%E5%83%8F&s=&se=&tab=&width=&height=&face=0&istype=2&qc=&nc=1&fr=&expermode=&pn=90&rn=30&gsm=0x5a>
{'url': u'https://ss3.bdstatic.com/70cFv8Sh_Q1YnxGkpoWK1HF6hhy/it/u=2063249732,3008770175&fm=26&gp=0.jpg'}
2019-11-14 15:09:38 [scrapy.core.scraper] DEBUG: Scraped from <200 https://image.baidu.com/search/acjson?tn=resultjson_com&ipn=rj&ct=201326592&is=&fp=result&queryWord=%E8%82%96%E5%83%8F&cl=2&lm=-1&ie=utf-8&oe=utf-8&adpicid=&st=-1&z=&ic=0&word=%E8%82%96%E5%83%8F&s=&se=&tab=&width=&height=&face=0&istype=2&qc=&nc=1&fr=&expermode=&pn=90&rn=30&gsm=0x5a>
{'url': u'https://ss1.bdstatic.com/70cFvXSh_Q1YnxGkpoWK1HF6hhy/it/u=107399851,2186102328&fm=26&gp=0.jpg'}
2019-11-14 15:09:38 [scrapy.core.scraper] DEBUG: Scraped from <200 https://image.baidu.com/search/acjson?tn=resultjson_com&ipn=rj&ct=201326592&is=&fp=result&queryWord=%E8%82%96%E5%83%8F&cl=2&lm=-1&ie=utf-8&oe=utf-8&adpicid=&st=-1&z=&ic=0&word=%E8%82%96%E5%83%8F&s=&se=&tab=&width=&height=&face=0&istype=2&qc=&nc=1&fr=&expermode=&pn=90&rn=30&gsm=0x5a>
{'url': u'https://ss1.bdstatic.com/70cFuXSh_Q1YnxGkpoWK1HF6hhy/it/u=3961529233,1815556772&fm=26&gp=0.jpg'}
2019-11-14 15:09:38 [scrapy.core.scraper] DEBUG: Scraped from <200 https://image.baidu.com/search/acjson?tn=resultjson_com&ipn=rj&ct=201326592&is=&fp=result&queryWord=%E8%82%96%E5%83%8F&cl=2&lm=-1&ie=utf-8&oe=utf-8&adpicid=&st=-1&z=&ic=0&word=%E8%82%96%E5%83%8F&s=&se=&tab=&width=&height=&face=0&istype=2&qc=&nc=1&fr=&expermode=&pn=90&rn=30&gsm=0x5a>
{'url': u'https://ss1.bdstatic.com/70cFvXSh_Q1YnxGkpoWK1HF6hhy/it/u=3996220722,989880233&fm=26&gp=0.jpg'}
2019-11-14 15:09:38 [scrapy.core.scraper] DEBUG: Scraped from <200 https://image.baidu.com/search/acjson?tn=resultjson_com&ipn=rj&ct=201326592&is=&fp=result&queryWord=%E8%82%96%E5%83%8F&cl=2&lm=-1&ie=utf-8&oe=utf-8&adpicid=&st=-1&z=&ic=0&word=%E8%82%96%E5%83%8F&s=&se=&tab=&width=&height=&face=0&istype=2&qc=&nc=1&fr=&expermode=&pn=90&rn=30&gsm=0x5a>
{'url': u'https://ss2.bdstatic.com/70cFvnSh_Q1YnxGkpoWK1HF6hhy/it/u=2254054726,2553951290&fm=26&gp=0.jpg'}
2019-11-14 15:09:38 [scrapy.core.scraper] DEBUG: Scraped from <200 https://image.baidu.com/search/acjson?tn=resultjson_com&ipn=rj&ct=201326592&is=&fp=result&queryWord=%E8%82%96%E5%83%8F&cl=2&lm=-1&ie=utf-8&oe=utf-8&adpicid=&st=-1&z=&ic=0&word=%E8%82%96%E5%83%8F&s=&se=&tab=&width=&height=&face=0&istype=2&qc=&nc=1&fr=&expermode=&pn=90&rn=30&gsm=0x5a>
{'url': u'https://ss3.bdstatic.com/70cFv8Sh_Q1YnxGkpoWK1HF6hhy/it/u=4213524284,2086561259&fm=26&gp=0.jpg'}
2019-11-14 15:09:38 [scrapy.core.scraper] DEBUG: Scraped from <200 https://image.baidu.com/search/acjson?tn=resultjson_com&ipn=rj&ct=201326592&is=&fp=result&queryWord=%E8%82%96%E5%83%8F&cl=2&lm=-1&ie=utf-8&oe=utf-8&adpicid=&st=-1&z=&ic=0&word=%E8%82%96%E5%83%8F&s=&se=&tab=&width=&height=&face=0&istype=2&qc=&nc=1&fr=&expermode=&pn=90&rn=30&gsm=0x5a>
{'url': u'https://ss3.bdstatic.com/70cFv8Sh_Q1YnxGkpoWK1HF6hhy/it/u=2521896722,50181067&fm=26&gp=0.jpg'}
2019-11-14 15:09:38 [scrapy.core.scraper] DEBUG: Scraped from <200 https://image.baidu.com/search/acjson?tn=resultjson_com&ipn=rj&ct=201326592&is=&fp=result&queryWord=%E8%82%96%E5%83%8F&cl=2&lm=-1&ie=utf-8&oe=utf-8&adpicid=&st=-1&z=&ic=0&word=%E8%82%96%E5%83%8F&s=&se=&tab=&width=&height=&face=0&istype=2&qc=&nc=1&fr=&expermode=&pn=90&rn=30&gsm=0x5a>
{'url': u'https://ss0.bdstatic.com/70cFuHSh_Q1YnxGkpoWK1HF6hhy/it/u=2383203153,817335973&fm=26&gp=0.jpg'}
2019-11-14 15:09:38 [scrapy.core.scraper] DEBUG: Scraped from <200 https://image.baidu.com/search/acjson?tn=resultjson_com&ipn=rj&ct=201326592&is=&fp=result&queryWord=%E8%82%96%E5%83%8F&cl=2&lm=-1&ie=utf-8&oe=utf-8&adpicid=&st=-1&z=&ic=0&word=%E8%82%96%E5%83%8F&s=&se=&tab=&width=&height=&face=0&istype=2&qc=&nc=1&fr=&expermode=&pn=90&rn=30&gsm=0x5a>
{'url': u'https://ss1.bdstatic.com/70cFuXSh_Q1YnxGkpoWK1HF6hhy/it/u=2903034445,429201394&fm=26&gp=0.jpg'}
2019-11-14 15:09:38 [scrapy.core.scraper] DEBUG: Scraped from <200 https://image.baidu.com/search/acjson?tn=resultjson_com&ipn=rj&ct=201326592&is=&fp=result&queryWord=%E8%82%96%E5%83%8F&cl=2&lm=-1&ie=utf-8&oe=utf-8&adpicid=&st=-1&z=&ic=0&word=%E8%82%96%E5%83%8F&s=&se=&tab=&width=&height=&face=0&istype=2&qc=&nc=1&fr=&expermode=&pn=90&rn=30&gsm=0x5a>
{'url': u'https://ss1.bdstatic.com/70cFuXSh_Q1YnxGkpoWK1HF6hhy/it/u=2767886059,2123039588&fm=26&gp=0.jpg'}
2019-11-14 15:09:38 [scrapy.core.scraper] DEBUG: Scraped from <200 https://image.baidu.com/search/acjson?tn=resultjson_com&ipn=rj&ct=201326592&is=&fp=result&queryWord=%E8%82%96%E5%83%8F&cl=2&lm=-1&ie=utf-8&oe=utf-8&adpicid=&st=-1&z=&ic=0&word=%E8%82%96%E5%83%8F&s=&se=&tab=&width=&height=&face=0&istype=2&qc=&nc=1&fr=&expermode=&pn=90&rn=30&gsm=0x5a>
{'url': u'https://ss1.bdstatic.com/70cFvXSh_Q1YnxGkpoWK1HF6hhy/it/u=4061321581,2223015046&fm=26&gp=0.jpg'}
2019-11-14 15:09:38 [scrapy.core.scraper] DEBUG: Scraped from <200 https://image.baidu.com/search/acjson?tn=resultjson_com&ipn=rj&ct=201326592&is=&fp=result&queryWord=%E8%82%96%E5%83%8F&cl=2&lm=-1&ie=utf-8&oe=utf-8&adpicid=&st=-1&z=&ic=0&word=%E8%82%96%E5%83%8F&s=&se=&tab=&width=&height=&face=0&istype=2&qc=&nc=1&fr=&expermode=&pn=90&rn=30&gsm=0x5a>
{'url': u'https://ss1.bdstatic.com/70cFuXSh_Q1YnxGkpoWK1HF6hhy/it/u=3595655705,3156990100&fm=26&gp=0.jpg'}
2019-11-14 15:09:38 [scrapy.core.scraper] DEBUG: Scraped from <200 https://image.baidu.com/search/acjson?tn=resultjson_com&ipn=rj&ct=201326592&is=&fp=result&queryWord=%E8%82%96%E5%83%8F&cl=2&lm=-1&ie=utf-8&oe=utf-8&adpicid=&st=-1&z=&ic=0&word=%E8%82%96%E5%83%8F&s=&se=&tab=&width=&height=&face=0&istype=2&qc=&nc=1&fr=&expermode=&pn=90&rn=30&gsm=0x5a>
{'url': u'https://ss1.bdstatic.com/70cFuXSh_Q1YnxGkpoWK1HF6hhy/it/u=3466508572,1026048491&fm=26&gp=0.jpg'}
2019-11-14 15:09:38 [scrapy.core.scraper] DEBUG: Scraped from <200 https://image.baidu.com/search/acjson?tn=resultjson_com&ipn=rj&ct=201326592&is=&fp=result&queryWord=%E8%82%96%E5%83%8F&cl=2&lm=-1&ie=utf-8&oe=utf-8&adpicid=&st=-1&z=&ic=0&word=%E8%82%96%E5%83%8F&s=&se=&tab=&width=&height=&face=0&istype=2&qc=&nc=1&fr=&expermode=&pn=90&rn=30&gsm=0x5a>
{'url': u'https://ss0.bdstatic.com/70cFuHSh_Q1YnxGkpoWK1HF6hhy/it/u=4071293503,1184569171&fm=26&gp=0.jpg'}
2019-11-14 15:09:38 [scrapy.core.scraper] DEBUG: Scraped from <200 https://image.baidu.com/search/acjson?tn=resultjson_com&ipn=rj&ct=201326592&is=&fp=result&queryWord=%E8%82%96%E5%83%8F&cl=2&lm=-1&ie=utf-8&oe=utf-8&adpicid=&st=-1&z=&ic=0&word=%E8%82%96%E5%83%8F&s=&se=&tab=&width=&height=&face=0&istype=2&qc=&nc=1&fr=&expermode=&pn=90&rn=30&gsm=0x5a>
{'url': u'https://ss0.bdstatic.com/70cFuHSh_Q1YnxGkpoWK1HF6hhy/it/u=279304660,701318916&fm=26&gp=0.jpg'}
2019-11-14 15:09:38 [scrapy.core.scraper] DEBUG: Scraped from <200 https://image.baidu.com/search/acjson?tn=resultjson_com&ipn=rj&ct=201326592&is=&fp=result&queryWord=%E8%82%96%E5%83%8F&cl=2&lm=-1&ie=utf-8&oe=utf-8&adpicid=&st=-1&z=&ic=0&word=%E8%82%96%E5%83%8F&s=&se=&tab=&width=&height=&face=0&istype=2&qc=&nc=1&fr=&expermode=&pn=90&rn=30&gsm=0x5a>
{'url': u'https://ss0.bdstatic.com/70cFuHSh_Q1YnxGkpoWK1HF6hhy/it/u=2820345557,1020559805&fm=26&gp=0.jpg'}
2019-11-14 15:09:38 [scrapy.core.scraper] DEBUG: Scraped from <200 https://image.baidu.com/search/acjson?tn=resultjson_com&ipn=rj&ct=201326592&is=&fp=result&queryWord=%E8%82%96%E5%83%8F&cl=2&lm=-1&ie=utf-8&oe=utf-8&adpicid=&st=-1&z=&ic=0&word=%E8%82%96%E5%83%8F&s=&se=&tab=&width=&height=&face=0&istype=2&qc=&nc=1&fr=&expermode=&pn=90&rn=30&gsm=0x5a>
{'url': u'https://ss1.bdstatic.com/70cFvXSh_Q1YnxGkpoWK1HF6hhy/it/u=3595430517,1738683668&fm=26&gp=0.jpg'}
2019-11-14 15:09:38 [scrapy.core.scraper] DEBUG: Scraped from <200 https://image.baidu.com/search/acjson?tn=resultjson_com&ipn=rj&ct=201326592&is=&fp=result&queryWord=%E8%82%96%E5%83%8F&cl=2&lm=-1&ie=utf-8&oe=utf-8&adpicid=&st=-1&z=&ic=0&word=%E8%82%96%E5%83%8F&s=&se=&tab=&width=&height=&face=0&istype=2&qc=&nc=1&fr=&expermode=&pn=90&rn=30&gsm=0x5a>
{'url': u'https://ss1.bdstatic.com/70cFvXSh_Q1YnxGkpoWK1HF6hhy/it/u=4289751004,4293022861&fm=26&gp=0.jpg'}
2019-11-14 15:09:38 [scrapy.core.scraper] DEBUG: Scraped from <200 https://image.baidu.com/search/acjson?tn=resultjson_com&ipn=rj&ct=201326592&is=&fp=result&queryWord=%E8%82%96%E5%83%8F&cl=2&lm=-1&ie=utf-8&oe=utf-8&adpicid=&st=-1&z=&ic=0&word=%E8%82%96%E5%83%8F&s=&se=&tab=&width=&height=&face=0&istype=2&qc=&nc=1&fr=&expermode=&pn=90&rn=30&gsm=0x5a>
{'url': u'https://ss1.bdstatic.com/70cFuXSh_Q1YnxGkpoWK1HF6hhy/it/u=1540846174,407063059&fm=26&gp=0.jpg'}
2019-11-14 15:09:38 [scrapy.core.scraper] DEBUG: Scraped from <200 https://image.baidu.com/search/acjson?tn=resultjson_com&ipn=rj&ct=201326592&is=&fp=result&queryWord=%E8%82%96%E5%83%8F&cl=2&lm=-1&ie=utf-8&oe=utf-8&adpicid=&st=-1&z=&ic=0&word=%E8%82%96%E5%83%8F&s=&se=&tab=&width=&height=&face=0&istype=2&qc=&nc=1&fr=&expermode=&pn=90&rn=30&gsm=0x5a>
{'url': u'https://ss3.bdstatic.com/70cFv8Sh_Q1YnxGkpoWK1HF6hhy/it/u=2879282559,510472938&fm=26&gp=0.jpg'}
2019-11-14 15:09:38 [scrapy.core.scraper] DEBUG: Scraped from <200 https://image.baidu.com/search/acjson?tn=resultjson_com&ipn=rj&ct=201326592&is=&fp=result&queryWord=%E8%82%96%E5%83%8F&cl=2&lm=-1&ie=utf-8&oe=utf-8&adpicid=&st=-1&z=&ic=0&word=%E8%82%96%E5%83%8F&s=&se=&tab=&width=&height=&face=0&istype=2&qc=&nc=1&fr=&expermode=&pn=90&rn=30&gsm=0x5a>
{'url': u'https://ss0.bdstatic.com/70cFvHSh_Q1YnxGkpoWK1HF6hhy/it/u=412347126,905913018&fm=26&gp=0.jpg'}
2019-11-14 15:09:38 [scrapy.core.scraper] DEBUG: Scraped from <200 https://image.baidu.com/search/acjson?tn=resultjson_com&ipn=rj&ct=201326592&is=&fp=result&queryWord=%E8%82%96%E5%83%8F&cl=2&lm=-1&ie=utf-8&oe=utf-8&adpicid=&st=-1&z=&ic=0&word=%E8%82%96%E5%83%8F&s=&se=&tab=&width=&height=&face=0&istype=2&qc=&nc=1&fr=&expermode=&pn=90&rn=30&gsm=0x5a>
{'url': u'https://ss0.bdstatic.com/70cFuHSh_Q1YnxGkpoWK1HF6hhy/it/u=3436690440,543172354&fm=26&gp=0.jpg'}
2019-11-14 15:09:38 [scrapy.core.scraper] DEBUG: Scraped from <200 https://image.baidu.com/search/acjson?tn=resultjson_com&ipn=rj&ct=201326592&is=&fp=result&queryWord=%E8%82%96%E5%83%8F&cl=2&lm=-1&ie=utf-8&oe=utf-8&adpicid=&st=-1&z=&ic=0&word=%E8%82%96%E5%83%8F&s=&se=&tab=&width=&height=&face=0&istype=2&qc=&nc=1&fr=&expermode=&pn=90&rn=30&gsm=0x5a>
{'url': u'https://ss2.bdstatic.com/70cFvnSh_Q1YnxGkpoWK1HF6hhy/it/u=407306879,4181263975&fm=26&gp=0.jpg'}
2019-11-14 15:09:38 [scrapy.core.scraper] DEBUG: Scraped from <200 https://image.baidu.com/search/acjson?tn=resultjson_com&ipn=rj&ct=201326592&is=&fp=result&queryWord=%E8%82%96%E5%83%8F&cl=2&lm=-1&ie=utf-8&oe=utf-8&adpicid=&st=-1&z=&ic=0&word=%E8%82%96%E5%83%8F&s=&se=&tab=&width=&height=&face=0&istype=2&qc=&nc=1&fr=&expermode=&pn=90&rn=30&gsm=0x5a>
{'url': u'https://ss0.bdstatic.com/70cFvHSh_Q1YnxGkpoWK1HF6hhy/it/u=1046881585,1500062201&fm=26&gp=0.jpg'}
2019-11-14 15:09:38 [scrapy.core.engine] DEBUG: Crawled (200) <GET https://ss1.bdstatic.com/70cFvXSh_Q1YnxGkpoWK1HF6hhy/it/u=4179457469,3476476074&fm=26&gp=0.jpg> (referer: None)
2019-11-14 15:09:38 [scrapy.pipelines.files] DEBUG: File (downloaded): Downloaded file from <GET https://ss1.bdstatic.com/70cFvXSh_Q1YnxGkpoWK1HF6hhy/it/u=4179457469,3476476074&fm=26&gp=0.jpg> referred in <None>
2019-11-14 15:09:39 [scrapy.core.engine] DEBUG: Crawled (200) <GET https://ss1.bdstatic.com/70cFvXSh_Q1YnxGkpoWK1HF6hhy/it/u=3484035984,2942698757&fm=26&gp=0.jpg> (referer: None)
2019-11-14 15:09:39 [scrapy.pipelines.files] DEBUG: File (downloaded): Downloaded file from <GET https://ss1.bdstatic.com/70cFvXSh_Q1YnxGkpoWK1HF6hhy/it/u=3484035984,2942698757&fm=26&gp=0.jpg> referred in <None>
2019-11-14 15:09:39 [scrapy.core.engine] DEBUG: Crawled (200) <GET https://ss0.bdstatic.com/70cFuHSh_Q1YnxGkpoWK1HF6hhy/it/u=1665976415,2637949407&fm=26&gp=0.jpg> (referer: None)
2019-11-14 15:09:39 [scrapy.pipelines.files] DEBUG: File (downloaded): Downloaded file from <GET https://ss0.bdstatic.com/70cFuHSh_Q1YnxGkpoWK1HF6hhy/it/u=1665976415,2637949407&fm=26&gp=0.jpg> referred in <None>
2019-11-14 15:09:39 [scrapy.core.scraper] DEBUG: Scraped from <200 https://image.baidu.com/search/acjson?tn=resultjson_com&ipn=rj&ct=201326592&is=&fp=result&queryWord=%E8%82%96%E5%83%8F&cl=2&lm=-1&ie=utf-8&oe=utf-8&adpicid=&st=-1&z=&ic=0&word=%E8%82%96%E5%83%8F&s=&se=&tab=&width=&height=&face=0&istype=2&qc=&nc=1&fr=&expermode=&pn=90&rn=30&gsm=0x5a>
{'url': u'https://ss1.bdstatic.com/70cFvXSh_Q1YnxGkpoWK1HF6hhy/it/u=4179457469,3476476074&fm=26&gp=0.jpg'}
2019-11-14 15:09:39 [scrapy.core.scraper] DEBUG: Scraped from <200 https://image.baidu.com/search/acjson?tn=resultjson_com&ipn=rj&ct=201326592&is=&fp=result&queryWord=%E8%82%96%E5%83%8F&cl=2&lm=-1&ie=utf-8&oe=utf-8&adpicid=&st=-1&z=&ic=0&word=%E8%82%96%E5%83%8F&s=&se=&tab=&width=&height=&face=0&istype=2&qc=&nc=1&fr=&expermode=&pn=90&rn=30&gsm=0x5a>
{'url': u'https://ss1.bdstatic.com/70cFvXSh_Q1YnxGkpoWK1HF6hhy/it/u=3484035984,2942698757&fm=26&gp=0.jpg'}
2019-11-14 15:09:39 [scrapy.core.scraper] DEBUG: Scraped from <200 https://image.baidu.com/search/acjson?tn=resultjson_com&ipn=rj&ct=201326592&is=&fp=result&queryWord=%E8%82%96%E5%83%8F&cl=2&lm=-1&ie=utf-8&oe=utf-8&adpicid=&st=-1&z=&ic=0&word=%E8%82%96%E5%83%8F&s=&se=&tab=&width=&height=&face=0&istype=2&qc=&nc=1&fr=&expermode=&pn=90&rn=30&gsm=0x5a>
{'url': u'https://ss0.bdstatic.com/70cFuHSh_Q1YnxGkpoWK1HF6hhy/it/u=1665976415,2637949407&fm=26&gp=0.jpg'}
2019-11-14 15:09:39 [scrapy.core.engine] INFO: Closing spider (finished)
2019-11-14 15:09:39 [scrapy.statscollectors] INFO: Dumping Scrapy stats:
{'downloader/request_bytes': 2268,
 'downloader/request_count': 6,
 'downloader/request_method_count/GET': 6,
 'downloader/response_bytes': 181665,
 'downloader/response_count': 6,
 'downloader/response_status_count/200': 6,
 'elapsed_time_seconds': 3.423484,
 'file_count': 83,
 'file_status_count/downloaded': 3,
 'file_status_count/uptodate': 80,
 'finish_reason': 'finished',
 'finish_time': datetime.datetime(2019, 11, 14, 7, 9, 39, 403363),
 'item_scraped_count': 90,
 'log_count/DEBUG': 179,
 'log_count/ERROR': 3,
 'log_count/INFO': 10,
 'memusage/max': 42680320,
 'memusage/startup': 42676224,
 'response_received_count': 6,
 'scheduler/dequeued': 3,
 'scheduler/dequeued/memory': 3,
 'scheduler/enqueued': 3,
 'scheduler/enqueued/memory': 3,
 'start_time': datetime.datetime(2019, 11, 14, 7, 9, 35, 979879)}
2019-11-14 15:09:39 [scrapy.core.engine] INFO: Spider closed (finished)
